[ 2016-09-23T21:49:51+08:00 ] 127.0.0.1 /lyj/bookstore/web/Application/Home/Common/Images//2016-09-23/57e41569e202b.jpg
INFO: [ app_init ] --START--
INFO: Run Behavior\BuildLiteBehavior [ RunTime:0.000000s ]
INFO: [ app_init ] --END-- [ RunTime:0.003000s ]
ERR: 无法加载模块:Application

[ 2016-09-23T21:49:52+08:00 ] 127.0.0.1 /lyj/bookstore/web/Application/Home/Common/Images//2016-09-23/57e41569e202b.jpg
INFO: [ app_init ] --START--
INFO: Run Behavior\BuildLiteBehavior [ RunTime:0.000000s ]
INFO: [ app_init ] --END-- [ RunTime:0.001000s ]
ERR: 无法加载模块:Application

[ 2016-09-23T22:12:41+08:00 ] 127.0.0.1 /lyj/bookstore/web/Application/Home/Common/Images//2016-09-23/57e41569e202b.jpg
INFO: [ app_init ] --START--
INFO: Run Behavior\BuildLiteBehavior [ RunTime:0.000000s ]
INFO: [ app_init ] --END-- [ RunTime:0.001000s ]
ERR: 无法加载模块:Application

[ 2016-09-23T22:12:45+08:00 ] 127.0.0.1 /lyj/bookstore/web/Application/Home/Common/Images//2016-09-23/57e41569e202b.jpg
INFO: [ app_init ] --START--
INFO: Run Behavior\BuildLiteBehavior [ RunTime:0.000000s ]
INFO: [ app_init ] --END-- [ RunTime:0.001000s ]
ERR: 无法加载模块:Application

[ 2016-09-23T22:13:33+08:00 ] 127.0.0.1 /lyj/bookstore/web/Application/Home/Common/Images//2016-09-23/57e41569e202b.jpg
INFO: [ app_init ] --START--
INFO: Run Behavior\BuildLiteBehavior [ RunTime:0.000000s ]
INFO: [ app_init ] --END-- [ RunTime:0.000000s ]
ERR: 无法加载模块:Application

[ 2016-09-23T22:18:43+08:00 ] 127.0.0.1 /lyj/bookstore/web/Application/Home/Common/Images//2016-09-23/57e41569e202b.jpg
INFO: [ app_init ] --START--
INFO: Run Behavior\BuildLiteBehavior [ RunTime:0.000000s ]
INFO: [ app_init ] --END-- [ RunTime:0.000000s ]
ERR: 无法加载模块:Application

[ 2016-09-23T22:19:31+08:00 ] 127.0.0.1 /lyj/bookstore/web/Application/Home/Common/Images//2016-09-23/57e41569e202b.jpg
INFO: [ app_init ] --START--
INFO: Run Behavior\BuildLiteBehavior [ RunTime:0.000000s ]
INFO: [ app_init ] --END-- [ RunTime:0.001000s ]
ERR: 无法加载模块:Application

[ 2016-09-23T22:19:32+08:00 ] 127.0.0.1 /lyj/bookstore/web/Application/Home/Common/Images//2016-09-23/57e41569e202b.jpg
INFO: [ app_init ] --START--
INFO: Run Behavior\BuildLiteBehavior [ RunTime:0.000000s ]
INFO: [ app_init ] --END-- [ RunTime:0.000000s ]
ERR: 无法加载模块:Application

