[ 2016-09-30T01:14:51+08:00 ] 127.0.0.1 /lyj/BookStore/web/Application/Admin/Common/Js//addBook.js
INFO: [ app_init ] --START--
INFO: Run Behavior\BuildLiteBehavior [ RunTime:0.000000s ]
INFO: [ app_init ] --END-- [ RunTime:0.000000s ]
ERR: 无法加载模块:Application

[ 2016-09-30T01:14:51+08:00 ] 127.0.0.1 /lyj/BookStore/web/Application/Admin/Common/Js//addBook.js
INFO: [ app_init ] --START--
INFO: Run Behavior\BuildLiteBehavior [ RunTime:0.000000s ]
INFO: [ app_init ] --END-- [ RunTime:0.000000s ]
ERR: 无法加载模块:Application

[ 2016-09-30T01:15:06+08:00 ] 127.0.0.1 /lyj/BookStore/web/Application/Admin/Common/Js//addBook.js
INFO: [ app_init ] --START--
INFO: Run Behavior\BuildLiteBehavior [ RunTime:0.000000s ]
INFO: [ app_init ] --END-- [ RunTime:0.000000s ]
ERR: 无法加载模块:Application

[ 2016-09-30T01:15:06+08:00 ] 127.0.0.1 /lyj/BookStore/web/Application/Admin/Common/Js//addBook.js
INFO: [ app_init ] --START--
INFO: Run Behavior\BuildLiteBehavior [ RunTime:0.000000s ]
INFO: [ app_init ] --END-- [ RunTime:0.000000s ]
ERR: 无法加载模块:Application

[ 2016-09-30T01:15:20+08:00 ] 127.0.0.1 /lyj/BookStore/web/Application/Admin/Common/Js//addBook.js
INFO: [ app_init ] --START--
INFO: Run Behavior\BuildLiteBehavior [ RunTime:0.000000s ]
INFO: [ app_init ] --END-- [ RunTime:0.000000s ]
ERR: 无法加载模块:Application

[ 2016-09-30T01:15:20+08:00 ] 127.0.0.1 /lyj/BookStore/web/Application/Admin/Common/Js//addBook.js
INFO: [ app_init ] --START--
INFO: Run Behavior\BuildLiteBehavior [ RunTime:0.000000s ]
INFO: [ app_init ] --END-- [ RunTime:0.000000s ]
ERR: 无法加载模块:Application

[ 2016-09-30T01:15:51+08:00 ] 127.0.0.1 /lyj/BookStore/web/Application/Admin/Common/Js//addBook.js
INFO: [ app_init ] --START--
INFO: Run Behavior\BuildLiteBehavior [ RunTime:0.000000s ]
INFO: [ app_init ] --END-- [ RunTime:0.010000s ]
ERR: 无法加载模块:Application

[ 2016-09-30T01:15:51+08:00 ] 127.0.0.1 /lyj/BookStore/web/Application/Admin/Common/Js//addBook.js
INFO: [ app_init ] --START--
INFO: Run Behavior\BuildLiteBehavior [ RunTime:0.000000s ]
INFO: [ app_init ] --END-- [ RunTime:0.010000s ]
ERR: 无法加载模块:Application

[ 2016-09-30T01:16:18+08:00 ] 127.0.0.1 /lyj/BookStore/web/Application/Admin/Common/Js//addBook.js
INFO: [ app_init ] --START--
INFO: Run Behavior\BuildLiteBehavior [ RunTime:0.000000s ]
INFO: [ app_init ] --END-- [ RunTime:0.000000s ]
ERR: 无法加载模块:Application

[ 2016-09-30T01:16:18+08:00 ] 127.0.0.1 /lyj/BookStore/web/Application/Admin/Common/Js//addBook.js
INFO: [ app_init ] --START--
INFO: Run Behavior\BuildLiteBehavior [ RunTime:0.000000s ]
INFO: [ app_init ] --END-- [ RunTime:0.000000s ]
ERR: 无法加载模块:Application

[ 2016-09-30T01:16:44+08:00 ] 127.0.0.1 /lyj/BookStore/web/Application/Admin/Common/Js//addBook.js
INFO: [ app_init ] --START--
INFO: Run Behavior\BuildLiteBehavior [ RunTime:0.000000s ]
INFO: [ app_init ] --END-- [ RunTime:0.000000s ]
ERR: 无法加载模块:Application

[ 2016-09-30T01:16:44+08:00 ] 127.0.0.1 /lyj/BookStore/web/Application/Admin/Common/Js//addBook.js
INFO: [ app_init ] --START--
INFO: Run Behavior\BuildLiteBehavior [ RunTime:0.000000s ]
INFO: [ app_init ] --END-- [ RunTime:0.000000s ]
ERR: 无法加载模块:Application

[ 2016-09-30T01:17:57+08:00 ] 127.0.0.1 /lyj/BookStore/web/Application/Admin/Common/Js//addBook.js
INFO: [ app_init ] --START--
INFO: Run Behavior\BuildLiteBehavior [ RunTime:0.000000s ]
INFO: [ app_init ] --END-- [ RunTime:0.001000s ]
ERR: 无法加载模块:Application

[ 2016-09-30T01:17:58+08:00 ] 127.0.0.1 /lyj/BookStore/web/Application/Admin/Common/Js//addBook.js
INFO: [ app_init ] --START--
INFO: Run Behavior\BuildLiteBehavior [ RunTime:0.000000s ]
INFO: [ app_init ] --END-- [ RunTime:0.001000s ]
ERR: 无法加载模块:Application

[ 2016-09-30T01:27:37+08:00 ] 127.0.0.1 /lyj/BookStore/web/Application/Admin/Common/Js//addBook.js
INFO: [ app_init ] --START--
INFO: Run Behavior\BuildLiteBehavior [ RunTime:0.000000s ]
INFO: [ app_init ] --END-- [ RunTime:0.000000s ]
ERR: 无法加载模块:Application

[ 2016-09-30T01:27:38+08:00 ] 127.0.0.1 /lyj/BookStore/web/Application/Admin/Common/Js//addBook.js
INFO: [ app_init ] --START--
INFO: Run Behavior\BuildLiteBehavior [ RunTime:0.000000s ]
INFO: [ app_init ] --END-- [ RunTime:0.000000s ]
ERR: 无法加载模块:Application

[ 2016-09-30T01:29:25+08:00 ] 127.0.0.1 /lyj/BookStore/web/Application/Admin/Common/Js//addBook.js
INFO: [ app_init ] --START--
INFO: Run Behavior\BuildLiteBehavior [ RunTime:0.000000s ]
INFO: [ app_init ] --END-- [ RunTime:0.001000s ]
ERR: 无法加载模块:Application

[ 2016-09-30T01:29:26+08:00 ] 127.0.0.1 /lyj/BookStore/web/Application/Admin/Common/Js//addBook.js
INFO: [ app_init ] --START--
INFO: Run Behavior\BuildLiteBehavior [ RunTime:0.000000s ]
INFO: [ app_init ] --END-- [ RunTime:0.000000s ]
ERR: 无法加载模块:Application

[ 2016-09-30T01:33:03+08:00 ] 127.0.0.1 /lyj/BookStore/web/Application/Admin/Common/Js//addBook.js
INFO: [ app_init ] --START--
INFO: Run Behavior\BuildLiteBehavior [ RunTime:0.000000s ]
INFO: [ app_init ] --END-- [ RunTime:0.001000s ]
ERR: 无法加载模块:Application

[ 2016-09-30T01:33:04+08:00 ] 127.0.0.1 /lyj/BookStore/web/Application/Admin/Common/Js//addBook.js
INFO: [ app_init ] --START--
INFO: Run Behavior\BuildLiteBehavior [ RunTime:0.000000s ]
INFO: [ app_init ] --END-- [ RunTime:0.001000s ]
ERR: 无法加载模块:Application

[ 2016-09-30T01:36:39+08:00 ] 127.0.0.1 /lyj/BookStore/web/Application/Admin/Common/Js//addBook.js
INFO: [ app_init ] --START--
INFO: Run Behavior\BuildLiteBehavior [ RunTime:0.000000s ]
INFO: [ app_init ] --END-- [ RunTime:0.001001s ]
ERR: 无法加载模块:Application

[ 2016-09-30T01:36:51+08:00 ] 127.0.0.1 /lyj/BookStore/web/Application/Admin/Common/Js//addBook.js
INFO: [ app_init ] --START--
INFO: Run Behavior\BuildLiteBehavior [ RunTime:0.000000s ]
INFO: [ app_init ] --END-- [ RunTime:0.000000s ]
ERR: 无法加载模块:Application

[ 2016-09-30T01:36:52+08:00 ] 127.0.0.1 /lyj/BookStore/web/Application/Admin/Common/Js//addBook.js
INFO: [ app_init ] --START--
INFO: Run Behavior\BuildLiteBehavior [ RunTime:0.000000s ]
INFO: [ app_init ] --END-- [ RunTime:0.001000s ]
ERR: 无法加载模块:Application

[ 2016-09-30T01:37:15+08:00 ] 127.0.0.1 /lyj/BookStore/web/Application/Admin/Common/Js//addBook.js
INFO: [ app_init ] --START--
INFO: Run Behavior\BuildLiteBehavior [ RunTime:0.000000s ]
INFO: [ app_init ] --END-- [ RunTime:0.001000s ]
ERR: 无法加载模块:Application

[ 2016-09-30T01:37:16+08:00 ] 127.0.0.1 /lyj/BookStore/web/Application/Admin/Common/Js//addBook.js
INFO: [ app_init ] --START--
INFO: Run Behavior\BuildLiteBehavior [ RunTime:0.001000s ]
INFO: [ app_init ] --END-- [ RunTime:0.001000s ]
ERR: 无法加载模块:Application

[ 2016-09-30T01:37:39+08:00 ] 127.0.0.1 /lyj/BookStore/web/Application/Admin/Common/Js//addBook.js
INFO: [ app_init ] --START--
INFO: Run Behavior\BuildLiteBehavior [ RunTime:0.000000s ]
INFO: [ app_init ] --END-- [ RunTime:0.001000s ]
ERR: 无法加载模块:Application

[ 2016-09-30T01:37:41+08:00 ] 127.0.0.1 /lyj/BookStore/web/Application/Admin/Common/Js//addBook.js
INFO: [ app_init ] --START--
INFO: Run Behavior\BuildLiteBehavior [ RunTime:0.000000s ]
INFO: [ app_init ] --END-- [ RunTime:0.000000s ]
ERR: 无法加载模块:Application

[ 2016-09-30T01:38:56+08:00 ] 127.0.0.1 /lyj/BookStore/web/Application/Admin/Common/Js//addBook.js
INFO: [ app_init ] --START--
INFO: Run Behavior\BuildLiteBehavior [ RunTime:0.000000s ]
INFO: [ app_init ] --END-- [ RunTime:0.001000s ]
ERR: 无法加载模块:Application

[ 2016-09-30T01:38:56+08:00 ] 127.0.0.1 /lyj/BookStore/web/Application/Admin/Common/Js//addBook.js
INFO: [ app_init ] --START--
INFO: Run Behavior\BuildLiteBehavior [ RunTime:0.000000s ]
INFO: [ app_init ] --END-- [ RunTime:0.001000s ]
ERR: 无法加载模块:Application

[ 2016-09-30T01:39:05+08:00 ] 127.0.0.1 /lyj/BookStore/web/Application/Admin/Common/Js//addBook.js
INFO: [ app_init ] --START--
INFO: Run Behavior\BuildLiteBehavior [ RunTime:0.000000s ]
INFO: [ app_init ] --END-- [ RunTime:0.001000s ]
ERR: 无法加载模块:Application

[ 2016-09-30T01:39:06+08:00 ] 127.0.0.1 /lyj/BookStore/web/Application/Admin/Common/Js//addBook.js
INFO: [ app_init ] --START--
INFO: Run Behavior\BuildLiteBehavior [ RunTime:0.000000s ]
INFO: [ app_init ] --END-- [ RunTime:0.000000s ]
ERR: 无法加载模块:Application

