[ 2016-09-27T21:48:05+08:00 ] 127.0.0.1 /lyj/bookstore/web/index.php/PersonalInfo/personalInfo/id/1.html
INFO: [ app_init ] --START--
INFO: Run Behavior\BuildLiteBehavior [ RunTime:0.000000s ]
INFO: [ app_init ] --END-- [ RunTime:0.001000s ]
ERR: 无法加载模块:PersonalInfo

[ 2016-09-27T21:49:04+08:00 ] 127.0.0.1 /lyj/bookstore/web/index.php/PersonalInfo/personalInfo/id/1.html
INFO: [ app_init ] --START--
INFO: Run Behavior\BuildLiteBehavior [ RunTime:0.000000s ]
INFO: [ app_init ] --END-- [ RunTime:0.000000s ]
ERR: 无法加载模块:PersonalInfo

[ 2016-09-27T21:52:46+08:00 ] 127.0.0.1 /lyj/bookstore/web/index.php/PersonalInfo/personalInfo/id/20.html
INFO: [ app_init ] --START--
INFO: Run Behavior\BuildLiteBehavior [ RunTime:0.000000s ]
INFO: [ app_init ] --END-- [ RunTime:0.001000s ]
ERR: 无法加载模块:PersonalInfo

[ 2016-09-27T22:01:44+08:00 ] 127.0.0.1 /lyj/bookstore/web/index.php/PersonalInfo/personalInfo/id/20.html
INFO: [ app_init ] --START--
INFO: Run Behavior\BuildLiteBehavior [ RunTime:0.000000s ]
INFO: [ app_init ] --END-- [ RunTime:0.000000s ]
ERR: 无法加载模块:PersonalInfo

[ 2016-09-27T22:02:14+08:00 ] 127.0.0.1 /lyj/bookstore/web/index.php/PersonalInfo/personalInfo/id/20.html
INFO: [ app_init ] --START--
INFO: Run Behavior\BuildLiteBehavior [ RunTime:0.000000s ]
INFO: [ app_init ] --END-- [ RunTime:0.000000s ]
ERR: 无法加载模块:PersonalInfo

[ 2016-09-27T22:02:31+08:00 ] 127.0.0.1 /lyj/bookstore/web/index.php/PersonalInfo/personalInfo/id/20.html
INFO: [ app_init ] --START--
INFO: Run Behavior\BuildLiteBehavior [ RunTime:0.000000s ]
INFO: [ app_init ] --END-- [ RunTime:0.000000s ]
ERR: 无法加载模块:PersonalInfo

[ 2016-09-27T22:03:00+08:00 ] 127.0.0.1 /lyj/bookstore/web/index.php/PersonalInfo/personalInfo/id/20.html
INFO: [ app_init ] --START--
INFO: Run Behavior\BuildLiteBehavior [ RunTime:0.000000s ]
INFO: [ app_init ] --END-- [ RunTime:0.000000s ]
ERR: 无法加载模块:PersonalInfo

[ 2016-09-27T22:03:20+08:00 ] 127.0.0.1 /lyj/bookstore/web/index.php/PersonalInfo/personalInfo/id/20.html
INFO: [ app_init ] --START--
INFO: Run Behavior\BuildLiteBehavior [ RunTime:0.000000s ]
INFO: [ app_init ] --END-- [ RunTime:0.000000s ]
ERR: 无法加载模块:PersonalInfo

