[ 2016-09-25T12:51:53+08:00 ] 127.0.0.1 /lyj/bookstore/web/Application/Home/Common/Images//2016-09-23/57e41569e202b.jpg
INFO: [ app_init ] --START--
INFO: Run Behavior\BuildLiteBehavior [ RunTime:0.000000s ]
INFO: [ app_init ] --END-- [ RunTime:0.000000s ]
ERR: 无法加载模块:Application

[ 2016-09-25T13:21:05+08:00 ] 127.0.0.1 /lyj/bookstore/web/Application/Admin/Common//jquery-confirm/website/jquery.confirm.js
INFO: [ app_init ] --START--
INFO: Run Behavior\BuildLiteBehavior [ RunTime:0.000000s ]
INFO: [ app_init ] --END-- [ RunTime:0.000000s ]
ERR: 无法加载模块:Application

[ 2016-09-25T13:21:06+08:00 ] 127.0.0.1 /lyj/bookstore/web/Application/Admin/Common//jquery-confirm/website/jquery.confirm.js
INFO: [ app_init ] --START--
INFO: Run Behavior\BuildLiteBehavior [ RunTime:0.000000s ]
INFO: [ app_init ] --END-- [ RunTime:0.000000s ]
ERR: 无法加载模块:Application

[ 2016-09-25T13:27:04+08:00 ] 127.0.0.1 /lyj/bookstore/web/Application/Admin/Common//jquery-confirm/website/jquery.confirm.js
INFO: [ app_init ] --START--
INFO: Run Behavior\BuildLiteBehavior [ RunTime:0.000000s ]
INFO: [ app_init ] --END-- [ RunTime:0.000000s ]
ERR: 无法加载模块:Application

[ 2016-09-25T13:27:05+08:00 ] 127.0.0.1 /lyj/bookstore/web/Application/Admin/Common//jquery-confirm/website/jquery.confirm.js
INFO: [ app_init ] --START--
INFO: Run Behavior\BuildLiteBehavior [ RunTime:0.000000s ]
INFO: [ app_init ] --END-- [ RunTime:0.000000s ]
ERR: 无法加载模块:Application

[ 2016-09-25T16:34:19+08:00 ] 127.0.0.1 /lyj/bookstore/web/Application/Home/Common/Images//2016-09-23/57e41569e202b.jpg
INFO: [ app_init ] --START--
INFO: Run Behavior\BuildLiteBehavior [ RunTime:0.000000s ]
INFO: [ app_init ] --END-- [ RunTime:0.000000s ]
ERR: 无法加载模块:Application

[ 2016-09-25T16:34:19+08:00 ] 127.0.0.1 /lyj/bookstore/web/Application/Home/Common/Images//2016-09-23/57e41569e202b.jpg
INFO: [ app_init ] --START--
INFO: Run Behavior\BuildLiteBehavior [ RunTime:0.000000s ]
INFO: [ app_init ] --END-- [ RunTime:0.000000s ]
ERR: 无法加载模块:Application

[ 2016-09-25T16:37:15+08:00 ] 127.0.0.1 /lyj/bookstore/web/Public/books/2016-09-23/57e41569e202b.jpg
INFO: [ app_init ] --START--
INFO: Run Behavior\BuildLiteBehavior [ RunTime:0.000000s ]
INFO: [ app_init ] --END-- [ RunTime:0.000000s ]
ERR: 无法加载模块:Public

[ 2016-09-25T16:37:24+08:00 ] 127.0.0.1 /lyj/bookstore/web/Public/books/2016-09-23/57e41569e202b.jpg
INFO: [ app_init ] --START--
INFO: Run Behavior\BuildLiteBehavior [ RunTime:0.000000s ]
INFO: [ app_init ] --END-- [ RunTime:0.000000s ]
ERR: 无法加载模块:Public

