[ 2016-10-01T15:53:05+08:00 ] 127.0.0.1 /lyj/BookStore/web/Application/Admin/Common/Js//addBook.js
INFO: [ app_init ] --START--
INFO: Run Behavior\BuildLiteBehavior [ RunTime:0.000000s ]
INFO: [ app_init ] --END-- [ RunTime:0.001000s ]
ERR: 无法加载模块:Application

[ 2016-10-01T15:53:05+08:00 ] 127.0.0.1 /lyj/BookStore/web/Application/Admin/Common/Js//addBook.js
INFO: [ app_init ] --START--
INFO: Run Behavior\BuildLiteBehavior [ RunTime:0.000000s ]
INFO: [ app_init ] --END-- [ RunTime:0.000000s ]
ERR: 无法加载模块:Application

[ 2016-10-01T15:55:59+08:00 ] 127.0.0.1 /lyj/BookStore/web/Application/Admin/Common/Js//addBook.js
INFO: [ app_init ] --START--
INFO: Run Behavior\BuildLiteBehavior [ RunTime:0.000000s ]
INFO: [ app_init ] --END-- [ RunTime:0.000000s ]
ERR: 无法加载模块:Application

[ 2016-10-01T15:56:00+08:00 ] 127.0.0.1 /lyj/BookStore/web/Application/Admin/Common/Js//addBook.js
INFO: [ app_init ] --START--
INFO: Run Behavior\BuildLiteBehavior [ RunTime:0.000000s ]
INFO: [ app_init ] --END-- [ RunTime:0.001000s ]
ERR: 无法加载模块:Application

[ 2016-10-01T15:56:05+08:00 ] 127.0.0.1 /lyj/BookStore/web/Application/Admin/Common/Js//addBook.js
INFO: [ app_init ] --START--
INFO: Run Behavior\BuildLiteBehavior [ RunTime:0.000000s ]
INFO: [ app_init ] --END-- [ RunTime:0.000000s ]
ERR: 无法加载模块:Application

[ 2016-10-01T15:56:06+08:00 ] 127.0.0.1 /lyj/BookStore/web/Application/Admin/Common/Js//addBook.js
INFO: [ app_init ] --START--
INFO: Run Behavior\BuildLiteBehavior [ RunTime:0.000000s ]
INFO: [ app_init ] --END-- [ RunTime:0.000000s ]
ERR: 无法加载模块:Application

[ 2016-10-01T15:56:17+08:00 ] 127.0.0.1 /lyj/BookStore/web/Application/Admin/Common/Js//addBook.js
INFO: [ app_init ] --START--
INFO: Run Behavior\BuildLiteBehavior [ RunTime:0.000000s ]
INFO: [ app_init ] --END-- [ RunTime:0.000000s ]
ERR: 无法加载模块:Application

[ 2016-10-01T15:56:18+08:00 ] 127.0.0.1 /lyj/BookStore/web/Application/Admin/Common/Js//addBook.js
INFO: [ app_init ] --START--
INFO: Run Behavior\BuildLiteBehavior [ RunTime:0.000000s ]
INFO: [ app_init ] --END-- [ RunTime:0.001000s ]
ERR: 无法加载模块:Application

[ 2016-10-01T15:57:57+08:00 ] 127.0.0.1 /lyj/BookStore/web/Application/Admin/Common/Js//addBook.js
INFO: [ app_init ] --START--
INFO: Run Behavior\BuildLiteBehavior [ RunTime:0.000000s ]
INFO: [ app_init ] --END-- [ RunTime:0.015600s ]
ERR: 无法加载模块:Application

[ 2016-10-01T15:57:58+08:00 ] 127.0.0.1 /lyj/BookStore/web/Application/Admin/Common/Js//addBook.js
INFO: [ app_init ] --START--
INFO: Run Behavior\BuildLiteBehavior [ RunTime:0.000000s ]
INFO: [ app_init ] --END-- [ RunTime:0.000000s ]
ERR: 无法加载模块:Application

[ 2016-10-01T16:01:37+08:00 ] 127.0.0.1 /lyj/BookStore/web/Application/Admin/Common/Js//addBook.js
INFO: [ app_init ] --START--
INFO: Run Behavior\BuildLiteBehavior [ RunTime:0.000000s ]
INFO: [ app_init ] --END-- [ RunTime:0.000000s ]
ERR: 无法加载模块:Application

[ 2016-10-01T16:01:38+08:00 ] 127.0.0.1 /lyj/BookStore/web/Application/Admin/Common/Js//addBook.js
INFO: [ app_init ] --START--
INFO: Run Behavior\BuildLiteBehavior [ RunTime:0.000000s ]
INFO: [ app_init ] --END-- [ RunTime:0.001000s ]
ERR: 无法加载模块:Application

[ 2016-10-01T16:03:04+08:00 ] 127.0.0.1 /lyj/BookStore/web/Application/Admin/Common/Js//addBook.js
INFO: [ app_init ] --START--
INFO: Run Behavior\BuildLiteBehavior [ RunTime:0.000000s ]
INFO: [ app_init ] --END-- [ RunTime:0.000000s ]
ERR: 无法加载模块:Application

[ 2016-10-01T16:03:05+08:00 ] 127.0.0.1 /lyj/BookStore/web/Application/Admin/Common/Js//addBook.js
INFO: [ app_init ] --START--
INFO: Run Behavior\BuildLiteBehavior [ RunTime:0.000000s ]
INFO: [ app_init ] --END-- [ RunTime:0.001000s ]
ERR: 无法加载模块:Application

[ 2016-10-01T16:03:21+08:00 ] 127.0.0.1 /lyj/BookStore/web/Application/Admin/Common/Js//addBook.js
INFO: [ app_init ] --START--
INFO: Run Behavior\BuildLiteBehavior [ RunTime:0.000000s ]
INFO: [ app_init ] --END-- [ RunTime:0.000000s ]
ERR: 无法加载模块:Application

[ 2016-10-01T16:03:21+08:00 ] 127.0.0.1 /lyj/BookStore/web/Application/Admin/Common/Js//addBook.js
INFO: [ app_init ] --START--
INFO: Run Behavior\BuildLiteBehavior [ RunTime:0.000000s ]
INFO: [ app_init ] --END-- [ RunTime:0.001000s ]
ERR: 无法加载模块:Application

[ 2016-10-01T16:03:49+08:00 ] 127.0.0.1 /lyj/BookStore/web/Application/Admin/Common/Js//addBook.js
INFO: [ app_init ] --START--
INFO: Run Behavior\BuildLiteBehavior [ RunTime:0.000000s ]
INFO: [ app_init ] --END-- [ RunTime:0.015600s ]
ERR: 无法加载模块:Application

[ 2016-10-01T16:03:49+08:00 ] 127.0.0.1 /lyj/BookStore/web/Application/Admin/Common/Js//addBook.js
INFO: [ app_init ] --START--
INFO: Run Behavior\BuildLiteBehavior [ RunTime:0.000000s ]
INFO: [ app_init ] --END-- [ RunTime:0.001001s ]
ERR: 无法加载模块:Application

[ 2016-10-01T16:04:02+08:00 ] 127.0.0.1 /lyj/BookStore/web/Application/Admin/Common/Js//addBook.js
INFO: [ app_init ] --START--
INFO: Run Behavior\BuildLiteBehavior [ RunTime:0.000000s ]
INFO: [ app_init ] --END-- [ RunTime:0.001000s ]
ERR: 无法加载模块:Application

[ 2016-10-01T16:04:03+08:00 ] 127.0.0.1 /lyj/BookStore/web/Application/Admin/Common/Js//addBook.js
INFO: [ app_init ] --START--
INFO: Run Behavior\BuildLiteBehavior [ RunTime:0.000000s ]
INFO: [ app_init ] --END-- [ RunTime:0.000000s ]
ERR: 无法加载模块:Application

[ 2016-10-01T16:04:16+08:00 ] 127.0.0.1 /lyj/BookStore/web/Application/Admin/Common/Js//addBook.js
INFO: [ app_init ] --START--
INFO: Run Behavior\BuildLiteBehavior [ RunTime:0.000000s ]
INFO: [ app_init ] --END-- [ RunTime:0.001000s ]
ERR: 无法加载模块:Application

[ 2016-10-01T16:04:16+08:00 ] 127.0.0.1 /lyj/BookStore/web/Application/Admin/Common/Js//addBook.js
INFO: [ app_init ] --START--
INFO: Run Behavior\BuildLiteBehavior [ RunTime:0.000000s ]
INFO: [ app_init ] --END-- [ RunTime:0.001000s ]
ERR: 无法加载模块:Application

[ 2016-10-01T16:04:26+08:00 ] 127.0.0.1 /lyj/BookStore/web/Application/Admin/Common/Js//addBook.js
INFO: [ app_init ] --START--
INFO: Run Behavior\BuildLiteBehavior [ RunTime:0.000000s ]
INFO: [ app_init ] --END-- [ RunTime:0.000000s ]
ERR: 无法加载模块:Application

[ 2016-10-01T16:04:27+08:00 ] 127.0.0.1 /lyj/BookStore/web/Application/Admin/Common/Js//addBook.js
INFO: [ app_init ] --START--
INFO: Run Behavior\BuildLiteBehavior [ RunTime:0.000000s ]
INFO: [ app_init ] --END-- [ RunTime:0.001000s ]
ERR: 无法加载模块:Application

[ 2016-10-01T16:04:35+08:00 ] 127.0.0.1 /lyj/BookStore/web/Application/Admin/Common/Js//addBook.js
INFO: [ app_init ] --START--
INFO: Run Behavior\BuildLiteBehavior [ RunTime:0.000000s ]
INFO: [ app_init ] --END-- [ RunTime:0.001000s ]
ERR: 无法加载模块:Application

[ 2016-10-01T16:04:36+08:00 ] 127.0.0.1 /lyj/BookStore/web/Application/Admin/Common/Js//addBook.js
INFO: [ app_init ] --START--
INFO: Run Behavior\BuildLiteBehavior [ RunTime:0.000000s ]
INFO: [ app_init ] --END-- [ RunTime:0.001000s ]
ERR: 无法加载模块:Application

[ 2016-10-01T16:04:47+08:00 ] 127.0.0.1 /lyj/BookStore/web/Application/Admin/Common/Js//addBook.js
INFO: [ app_init ] --START--
INFO: Run Behavior\BuildLiteBehavior [ RunTime:0.000000s ]
INFO: [ app_init ] --END-- [ RunTime:0.001000s ]
ERR: 无法加载模块:Application

[ 2016-10-01T16:04:48+08:00 ] 127.0.0.1 /lyj/BookStore/web/Application/Admin/Common/Js//addBook.js
INFO: [ app_init ] --START--
INFO: Run Behavior\BuildLiteBehavior [ RunTime:0.000000s ]
INFO: [ app_init ] --END-- [ RunTime:0.001001s ]
ERR: 无法加载模块:Application

[ 2016-10-01T16:04:59+08:00 ] 127.0.0.1 /lyj/BookStore/web/Application/Admin/Common/Js//addBook.js
INFO: [ app_init ] --START--
INFO: Run Behavior\BuildLiteBehavior [ RunTime:0.000000s ]
INFO: [ app_init ] --END-- [ RunTime:0.000000s ]
ERR: 无法加载模块:Application

[ 2016-10-01T16:05:00+08:00 ] 127.0.0.1 /lyj/BookStore/web/Application/Admin/Common/Js//addBook.js
INFO: [ app_init ] --START--
INFO: Run Behavior\BuildLiteBehavior [ RunTime:0.000000s ]
INFO: [ app_init ] --END-- [ RunTime:0.001000s ]
ERR: 无法加载模块:Application

[ 2016-10-01T16:05:07+08:00 ] 127.0.0.1 /lyj/BookStore/web/Application/Admin/Common/Js//addBook.js
INFO: [ app_init ] --START--
INFO: Run Behavior\BuildLiteBehavior [ RunTime:0.000000s ]
INFO: [ app_init ] --END-- [ RunTime:0.001000s ]
ERR: 无法加载模块:Application

[ 2016-10-01T16:05:08+08:00 ] 127.0.0.1 /lyj/BookStore/web/Application/Admin/Common/Js//addBook.js
INFO: [ app_init ] --START--
INFO: Run Behavior\BuildLiteBehavior [ RunTime:0.000000s ]
INFO: [ app_init ] --END-- [ RunTime:0.000000s ]
ERR: 无法加载模块:Application

[ 2016-10-01T16:05:12+08:00 ] 127.0.0.1 /lyj/BookStore/web/Application/Admin/Common/Js//addBook.js
INFO: [ app_init ] --START--
INFO: Run Behavior\BuildLiteBehavior [ RunTime:0.000000s ]
INFO: [ app_init ] --END-- [ RunTime:0.001000s ]
ERR: 无法加载模块:Application

[ 2016-10-01T16:05:12+08:00 ] 127.0.0.1 /lyj/BookStore/web/Application/Admin/Common/Js//addBook.js
INFO: [ app_init ] --START--
INFO: Run Behavior\BuildLiteBehavior [ RunTime:0.000000s ]
INFO: [ app_init ] --END-- [ RunTime:0.000000s ]
ERR: 无法加载模块:Application

[ 2016-10-01T16:05:20+08:00 ] 127.0.0.1 /lyj/BookStore/web/Application/Admin/Common/Js//addBook.js
INFO: [ app_init ] --START--
INFO: Run Behavior\BuildLiteBehavior [ RunTime:0.000000s ]
INFO: [ app_init ] --END-- [ RunTime:0.000000s ]
ERR: 无法加载模块:Application

[ 2016-10-01T16:05:21+08:00 ] 127.0.0.1 /lyj/BookStore/web/Application/Admin/Common/Js//addBook.js
INFO: [ app_init ] --START--
INFO: Run Behavior\BuildLiteBehavior [ RunTime:0.000000s ]
INFO: [ app_init ] --END-- [ RunTime:0.001000s ]
ERR: 无法加载模块:Application

[ 2016-10-01T16:27:19+08:00 ] 127.0.0.1 /lyj/BookStore/web/Application/Admin/Common/Js//addBook.js
INFO: [ app_init ] --START--
INFO: Run Behavior\BuildLiteBehavior [ RunTime:0.000000s ]
INFO: [ app_init ] --END-- [ RunTime:0.001000s ]
ERR: 无法加载模块:Application

[ 2016-10-01T16:27:20+08:00 ] 127.0.0.1 /lyj/BookStore/web/Application/Admin/Common/Js//addBook.js
INFO: [ app_init ] --START--
INFO: Run Behavior\BuildLiteBehavior [ RunTime:0.000000s ]
INFO: [ app_init ] --END-- [ RunTime:0.001000s ]
ERR: 无法加载模块:Application

[ 2016-10-01T16:27:30+08:00 ] 127.0.0.1 /lyj/BookStore/web/Application/Admin/Common/Js//addBook.js
INFO: [ app_init ] --START--
INFO: Run Behavior\BuildLiteBehavior [ RunTime:0.000000s ]
INFO: [ app_init ] --END-- [ RunTime:0.000000s ]
ERR: 无法加载模块:Application

[ 2016-10-01T16:27:31+08:00 ] 127.0.0.1 /lyj/BookStore/web/Application/Admin/Common/Js//addBook.js
INFO: [ app_init ] --START--
INFO: Run Behavior\BuildLiteBehavior [ RunTime:0.000000s ]
INFO: [ app_init ] --END-- [ RunTime:0.001000s ]
ERR: 无法加载模块:Application

[ 2016-10-01T16:27:55+08:00 ] 127.0.0.1 /lyj/BookStore/web/Application/Admin/Common/Js//addBook.js
INFO: [ app_init ] --START--
INFO: Run Behavior\BuildLiteBehavior [ RunTime:0.000000s ]
INFO: [ app_init ] --END-- [ RunTime:0.000000s ]
ERR: 无法加载模块:Application

[ 2016-10-01T16:27:56+08:00 ] 127.0.0.1 /lyj/BookStore/web/Application/Admin/Common/Js//addBook.js
INFO: [ app_init ] --START--
INFO: Run Behavior\BuildLiteBehavior [ RunTime:0.000000s ]
INFO: [ app_init ] --END-- [ RunTime:0.001000s ]
ERR: 无法加载模块:Application

[ 2016-10-01T16:28:05+08:00 ] 127.0.0.1 /lyj/BookStore/web/Application/Admin/Common/Js//addBook.js
INFO: [ app_init ] --START--
INFO: Run Behavior\BuildLiteBehavior [ RunTime:0.000000s ]
INFO: [ app_init ] --END-- [ RunTime:0.000000s ]
ERR: 无法加载模块:Application

[ 2016-10-01T16:28:05+08:00 ] 127.0.0.1 /lyj/BookStore/web/Application/Admin/Common/Js//addBook.js
INFO: [ app_init ] --START--
INFO: Run Behavior\BuildLiteBehavior [ RunTime:0.000000s ]
INFO: [ app_init ] --END-- [ RunTime:0.001000s ]
ERR: 无法加载模块:Application

[ 2016-10-01T16:28:35+08:00 ] 127.0.0.1 /lyj/BookStore/web/Application/Admin/Common/Js//addBook.js
INFO: [ app_init ] --START--
INFO: Run Behavior\BuildLiteBehavior [ RunTime:0.000000s ]
INFO: [ app_init ] --END-- [ RunTime:0.000000s ]
ERR: 无法加载模块:Application

[ 2016-10-01T16:28:36+08:00 ] 127.0.0.1 /lyj/BookStore/web/Application/Admin/Common/Js//addBook.js
INFO: [ app_init ] --START--
INFO: Run Behavior\BuildLiteBehavior [ RunTime:0.000000s ]
INFO: [ app_init ] --END-- [ RunTime:0.001000s ]
ERR: 无法加载模块:Application

[ 2016-10-01T16:28:38+08:00 ] 127.0.0.1 /lyj/BookStore/web/Application/Admin/Common/Js//addBook.js
INFO: [ app_init ] --START--
INFO: Run Behavior\BuildLiteBehavior [ RunTime:0.000000s ]
INFO: [ app_init ] --END-- [ RunTime:0.001000s ]
ERR: 无法加载模块:Application

[ 2016-10-01T16:28:39+08:00 ] 127.0.0.1 /lyj/BookStore/web/Application/Admin/Common/Js//addBook.js
INFO: [ app_init ] --START--
INFO: Run Behavior\BuildLiteBehavior [ RunTime:0.000000s ]
INFO: [ app_init ] --END-- [ RunTime:0.000000s ]
ERR: 无法加载模块:Application

[ 2016-10-01T16:29:14+08:00 ] 127.0.0.1 /lyj/BookStore/web/Application/Admin/Common/Js//addBook.js
INFO: [ app_init ] --START--
INFO: Run Behavior\BuildLiteBehavior [ RunTime:0.000000s ]
INFO: [ app_init ] --END-- [ RunTime:0.000000s ]
ERR: 无法加载模块:Application

[ 2016-10-01T16:29:15+08:00 ] 127.0.0.1 /lyj/BookStore/web/Application/Admin/Common/Js//addBook.js
INFO: [ app_init ] --START--
INFO: Run Behavior\BuildLiteBehavior [ RunTime:0.000000s ]
INFO: [ app_init ] --END-- [ RunTime:0.000000s ]
ERR: 无法加载模块:Application

[ 2016-10-01T16:29:29+08:00 ] 127.0.0.1 /lyj/BookStore/web/Application/Admin/Common/Js//addBook.js
INFO: [ app_init ] --START--
INFO: Run Behavior\BuildLiteBehavior [ RunTime:0.000000s ]
INFO: [ app_init ] --END-- [ RunTime:0.000000s ]
ERR: 无法加载模块:Application

[ 2016-10-01T16:29:30+08:00 ] 127.0.0.1 /lyj/BookStore/web/Application/Admin/Common/Js//addBook.js
INFO: [ app_init ] --START--
INFO: Run Behavior\BuildLiteBehavior [ RunTime:0.000000s ]
INFO: [ app_init ] --END-- [ RunTime:0.001000s ]
ERR: 无法加载模块:Application

[ 2016-10-01T16:29:40+08:00 ] 127.0.0.1 /lyj/BookStore/web/Application/Admin/Common/Js//addBook.js
INFO: [ app_init ] --START--
INFO: Run Behavior\BuildLiteBehavior [ RunTime:0.000000s ]
INFO: [ app_init ] --END-- [ RunTime:0.000000s ]
ERR: 无法加载模块:Application

[ 2016-10-01T16:29:41+08:00 ] 127.0.0.1 /lyj/BookStore/web/Application/Admin/Common/Js//addBook.js
INFO: [ app_init ] --START--
INFO: Run Behavior\BuildLiteBehavior [ RunTime:0.000000s ]
INFO: [ app_init ] --END-- [ RunTime:0.001000s ]
ERR: 无法加载模块:Application

[ 2016-10-01T16:29:50+08:00 ] 127.0.0.1 /lyj/BookStore/web/Application/Admin/Common/Js//addBook.js
INFO: [ app_init ] --START--
INFO: Run Behavior\BuildLiteBehavior [ RunTime:0.000000s ]
INFO: [ app_init ] --END-- [ RunTime:0.015600s ]
ERR: 无法加载模块:Application

[ 2016-10-01T16:29:51+08:00 ] 127.0.0.1 /lyj/BookStore/web/Application/Admin/Common/Js//addBook.js
INFO: [ app_init ] --START--
INFO: Run Behavior\BuildLiteBehavior [ RunTime:0.000000s ]
INFO: [ app_init ] --END-- [ RunTime:0.001000s ]
ERR: 无法加载模块:Application

[ 2016-10-01T16:30:41+08:00 ] 127.0.0.1 /lyj/BookStore/web/Application/Admin/Common/Js//addBook.js
INFO: [ app_init ] --START--
INFO: Run Behavior\BuildLiteBehavior [ RunTime:0.000000s ]
INFO: [ app_init ] --END-- [ RunTime:0.001000s ]
ERR: 无法加载模块:Application

[ 2016-10-01T16:30:41+08:00 ] 127.0.0.1 /lyj/BookStore/web/Application/Admin/Common/Js//addBook.js
INFO: [ app_init ] --START--
INFO: Run Behavior\BuildLiteBehavior [ RunTime:0.000000s ]
INFO: [ app_init ] --END-- [ RunTime:0.000000s ]
ERR: 无法加载模块:Application

[ 2016-10-01T16:31:09+08:00 ] 127.0.0.1 /lyj/BookStore/web/Application/Admin/Common/Js//addBook.js
INFO: [ app_init ] --START--
INFO: Run Behavior\BuildLiteBehavior [ RunTime:0.000000s ]
INFO: [ app_init ] --END-- [ RunTime:0.000000s ]
ERR: 无法加载模块:Application

[ 2016-10-01T16:31:10+08:00 ] 127.0.0.1 /lyj/BookStore/web/Application/Admin/Common/Js//addBook.js
INFO: [ app_init ] --START--
INFO: Run Behavior\BuildLiteBehavior [ RunTime:0.000000s ]
INFO: [ app_init ] --END-- [ RunTime:0.000000s ]
ERR: 无法加载模块:Application

[ 2016-10-01T16:31:23+08:00 ] 127.0.0.1 /lyj/BookStore/web/Application/Admin/Common/Js//addBook.js
INFO: [ app_init ] --START--
INFO: Run Behavior\BuildLiteBehavior [ RunTime:0.000000s ]
INFO: [ app_init ] --END-- [ RunTime:0.000000s ]
ERR: 无法加载模块:Application

[ 2016-10-01T16:31:24+08:00 ] 127.0.0.1 /lyj/BookStore/web/Application/Admin/Common/Js//addBook.js
INFO: [ app_init ] --START--
INFO: Run Behavior\BuildLiteBehavior [ RunTime:0.000000s ]
INFO: [ app_init ] --END-- [ RunTime:0.000000s ]
ERR: 无法加载模块:Application

[ 2016-10-01T16:31:48+08:00 ] 127.0.0.1 /lyj/BookStore/web/Application/Admin/Common/Js//addBook.js
INFO: [ app_init ] --START--
INFO: Run Behavior\BuildLiteBehavior [ RunTime:0.000000s ]
INFO: [ app_init ] --END-- [ RunTime:0.000000s ]
ERR: 无法加载模块:Application

[ 2016-10-01T16:31:49+08:00 ] 127.0.0.1 /lyj/BookStore/web/Application/Admin/Common/Js//addBook.js
INFO: [ app_init ] --START--
INFO: Run Behavior\BuildLiteBehavior [ RunTime:0.000000s ]
INFO: [ app_init ] --END-- [ RunTime:0.000000s ]
ERR: 无法加载模块:Application

[ 2016-10-01T16:31:56+08:00 ] 127.0.0.1 /lyj/BookStore/web/Application/Admin/Common/Js//addBook.js
INFO: [ app_init ] --START--
INFO: Run Behavior\BuildLiteBehavior [ RunTime:0.000000s ]
INFO: [ app_init ] --END-- [ RunTime:0.000000s ]
ERR: 无法加载模块:Application

[ 2016-10-01T16:31:57+08:00 ] 127.0.0.1 /lyj/BookStore/web/Application/Admin/Common/Js//addBook.js
INFO: [ app_init ] --START--
INFO: Run Behavior\BuildLiteBehavior [ RunTime:0.000000s ]
INFO: [ app_init ] --END-- [ RunTime:0.000000s ]
ERR: 无法加载模块:Application

[ 2016-10-01T17:19:31+08:00 ] 127.0.0.1 /lyj/BookStore/web/Application/Admin/Common/Js//addBook.js
INFO: [ app_init ] --START--
INFO: Run Behavior\BuildLiteBehavior [ RunTime:0.000000s ]
INFO: [ app_init ] --END-- [ RunTime:0.000000s ]
ERR: 无法加载模块:Application

[ 2016-10-01T17:19:32+08:00 ] 127.0.0.1 /lyj/BookStore/web/Application/Admin/Common/Js//addBook.js
INFO: [ app_init ] --START--
INFO: Run Behavior\BuildLiteBehavior [ RunTime:0.000000s ]
INFO: [ app_init ] --END-- [ RunTime:0.000000s ]
ERR: 无法加载模块:Application

[ 2016-10-01T17:30:15+08:00 ] 127.0.0.1 /lyj/BookStore/web/Application/Admin/Common/Js//addBook.js
INFO: [ app_init ] --START--
INFO: Run Behavior\BuildLiteBehavior [ RunTime:0.000000s ]
INFO: [ app_init ] --END-- [ RunTime:0.001000s ]
ERR: 无法加载模块:Application

[ 2016-10-01T17:30:16+08:00 ] 127.0.0.1 /lyj/BookStore/web/Application/Admin/Common/Js//addBook.js
INFO: [ app_init ] --START--
INFO: Run Behavior\BuildLiteBehavior [ RunTime:0.000000s ]
INFO: [ app_init ] --END-- [ RunTime:0.001000s ]
ERR: 无法加载模块:Application

