[ 2016-10-09T13:58:48+08:00 ] 127.0.0.1 /lyj/bookstore/web/Application/Home/Common/Js//changePersonalInfo.js
INFO: [ app_init ] --START--
INFO: Run Behavior\BuildLiteBehavior [ RunTime:0.000000s ]
INFO: [ app_init ] --END-- [ RunTime:0.000000s ]
ERR: 无法加载模块:Application

[ 2016-10-09T13:58:48+08:00 ] 127.0.0.1 /lyj/bookstore/web/Application/Home/Common/Js//changePersonalInfo.js
INFO: [ app_init ] --START--
INFO: Run Behavior\BuildLiteBehavior [ RunTime:0.000000s ]
INFO: [ app_init ] --END-- [ RunTime:0.000000s ]
ERR: 无法加载模块:Application

[ 2016-10-09T13:58:51+08:00 ] 127.0.0.1 /lyj/bookstore/web/Application/Home/Common/Js//changePersonalInfo.js
INFO: [ app_init ] --START--
INFO: Run Behavior\BuildLiteBehavior [ RunTime:0.000000s ]
INFO: [ app_init ] --END-- [ RunTime:0.000000s ]
ERR: 无法加载模块:Application

[ 2016-10-09T13:58:51+08:00 ] 127.0.0.1 /lyj/bookstore/web/Application/Home/Common/Js//changePersonalInfo.js
INFO: [ app_init ] --START--
INFO: Run Behavior\BuildLiteBehavior [ RunTime:0.000000s ]
INFO: [ app_init ] --END-- [ RunTime:0.000000s ]
ERR: 无法加载模块:Application

[ 2016-10-09T13:59:28+08:00 ] 127.0.0.1 /lyj/bookstore/web/Application/Home/Common/Js//changePersonalInfo.js
INFO: [ app_init ] --START--
INFO: Run Behavior\BuildLiteBehavior [ RunTime:0.000000s ]
INFO: [ app_init ] --END-- [ RunTime:0.000000s ]
ERR: 无法加载模块:Application

[ 2016-10-09T14:00:12+08:00 ] 127.0.0.1 /lyj/bookstore/web/Application/Home/Common/Js//changePersonalInfo.js
INFO: [ app_init ] --START--
INFO: Run Behavior\BuildLiteBehavior [ RunTime:0.000000s ]
INFO: [ app_init ] --END-- [ RunTime:0.000000s ]
ERR: 无法加载模块:Application

[ 2016-10-09T14:00:12+08:00 ] 127.0.0.1 /lyj/bookstore/web/Application/Home/Common/Js//changePersonalInfo.js
INFO: [ app_init ] --START--
INFO: Run Behavior\BuildLiteBehavior [ RunTime:0.000000s ]
INFO: [ app_init ] --END-- [ RunTime:0.000000s ]
ERR: 无法加载模块:Application

