[ 2016-08-14T23:13:24+08:00 ] 127.0.0.1 /lyj/BookStore/web/index.php/Home/Index/index.html
INFO: [ app_init ] --START--
INFO: Run Behavior\BuildLiteBehavior [ RunTime:0.000000s ]
INFO: [ app_init ] --END-- [ RunTime:0.021001s ]
INFO: [ app_begin ] --START--
INFO: Run Behavior\ReadHtmlCacheBehavior [ RunTime:0.013001s ]
INFO: [ app_begin ] --END-- [ RunTime:0.013001s ]
SQL: SHOW COLUMNS FROM `bookstore_newbook_recommend` [ RunTime:0.0040s ]
SQL: SELECT * FROM `bookstore_newbook_recommend` LIMIT 4   [ RunTime:0.0010s ]
SQL: SHOW COLUMNS FROM `bookstore_newbook_rank` [ RunTime:0.0060s ]
SQL: SELECT * FROM `bookstore_newbook_rank` LIMIT 8   [ RunTime:0.0010s ]
SQL: SHOW COLUMNS FROM `bookstore_hotbook_recommend` [ RunTime:0.0050s ]
SQL: SELECT * FROM `bookstore_hotbook_recommend` LIMIT 4   [ RunTime:0.0000s ]
SQL: SHOW COLUMNS FROM `bookstore_hotbook_rank` [ RunTime:0.0050s ]
SQL: SELECT * FROM `bookstore_hotbook_rank` LIMIT 8   [ RunTime:0.0000s ]
INFO: [ view_parse ] --START--
INFO: [ template_filter ] --START--
INFO: Run Behavior\ContentReplaceBehavior [ RunTime:0.000000s ]
INFO: [ template_filter ] --END-- [ RunTime:0.001000s ]
INFO: Run Behavior\ParseTemplateBehavior [ RunTime:0.098006s ]
INFO: [ view_parse ] --END-- [ RunTime:0.098006s ]
INFO: [ view_filter ] --START--
INFO: Run Behavior\WriteHtmlCacheBehavior [ RunTime:0.022001s ]
INFO: [ view_filter ] --END-- [ RunTime:0.022001s ]
INFO: [ app_end ] --START--
INFO: Run Behavior\ShowPageTraceBehavior [ RunTime:0.027002s ]
INFO: [ app_end ] --END-- [ RunTime:0.027002s ]

[ 2016-08-14T23:25:13+08:00 ] 127.0.0.1 /lyj/BookStore/web/index.php/Home/Index/index.html
INFO: [ app_init ] --START--
INFO: Run Behavior\BuildLiteBehavior [ RunTime:0.000000s ]
INFO: [ app_init ] --END-- [ RunTime:0.001000s ]
INFO: [ app_begin ] --START--
INFO: Run Behavior\ReadHtmlCacheBehavior [ RunTime:0.001000s ]
INFO: [ app_begin ] --END-- [ RunTime:0.001000s ]
SQL: SHOW COLUMNS FROM `bookstore_newbook_recommend` [ RunTime:0.0040s ]
SQL: SELECT * FROM `bookstore_newbook_recommend` LIMIT 4   [ RunTime:0.0000s ]
SQL: SHOW COLUMNS FROM `bookstore_newbook_rank` [ RunTime:0.0040s ]
SQL: SELECT * FROM `bookstore_newbook_rank` LIMIT 8   [ RunTime:0.0000s ]
SQL: SHOW COLUMNS FROM `bookstore_hotbook_recommend` [ RunTime:0.0040s ]
SQL: SELECT * FROM `bookstore_hotbook_recommend` LIMIT 4   [ RunTime:0.0000s ]
SQL: SHOW COLUMNS FROM `bookstore_hotbook_rank` [ RunTime:0.0050s ]
SQL: SELECT * FROM `bookstore_hotbook_rank` LIMIT 8   [ RunTime:0.0010s ]
INFO: [ view_parse ] --START--
INFO: [ template_filter ] --START--
INFO: Run Behavior\ContentReplaceBehavior [ RunTime:0.000000s ]
INFO: [ template_filter ] --END-- [ RunTime:0.001000s ]
INFO: Run Behavior\ParseTemplateBehavior [ RunTime:0.029001s ]
INFO: [ view_parse ] --END-- [ RunTime:0.029001s ]
INFO: [ view_filter ] --START--
INFO: Run Behavior\WriteHtmlCacheBehavior [ RunTime:0.001000s ]
INFO: [ view_filter ] --END-- [ RunTime:0.001000s ]
INFO: [ app_end ] --START--
INFO: Run Behavior\ShowPageTraceBehavior [ RunTime:0.000000s ]
INFO: [ app_end ] --END-- [ RunTime:0.003000s ]

[ 2016-08-14T23:25:14+08:00 ] 127.0.0.1 /lyj/BookStore/web/index.php/Home/Details/details.html
INFO: [ app_init ] --START--
INFO: Run Behavior\BuildLiteBehavior [ RunTime:0.000000s ]
INFO: [ app_init ] --END-- [ RunTime:0.001000s ]
INFO: [ app_begin ] --START--
INFO: Run Behavior\ReadHtmlCacheBehavior [ RunTime:0.001000s ]
INFO: [ app_begin ] --END-- [ RunTime:0.001000s ]
ERR: 无法加载控制器:Details

[ 2016-08-14T23:26:58+08:00 ] 127.0.0.1 /lyj/BookStore/web/index.php/Home/Details/details.html
INFO: [ app_init ] --START--
INFO: Run Behavior\BuildLiteBehavior [ RunTime:0.000000s ]
INFO: [ app_init ] --END-- [ RunTime:0.000000s ]
INFO: [ app_begin ] --START--
INFO: Run Behavior\ReadHtmlCacheBehavior [ RunTime:0.001000s ]
INFO: [ app_begin ] --END-- [ RunTime:0.001000s ]
INFO: [ view_parse ] --START--
INFO: [ template_filter ] --START--
INFO: Run Behavior\ContentReplaceBehavior [ RunTime:0.000000s ]
INFO: [ template_filter ] --END-- [ RunTime:0.000000s ]
INFO: Run Behavior\ParseTemplateBehavior [ RunTime:0.015001s ]
INFO: [ view_parse ] --END-- [ RunTime:0.015001s ]
INFO: [ view_filter ] --START--
INFO: Run Behavior\WriteHtmlCacheBehavior [ RunTime:0.000000s ]
INFO: [ view_filter ] --END-- [ RunTime:0.001000s ]
INFO: [ app_end ] --START--
INFO: Run Behavior\ShowPageTraceBehavior [ RunTime:0.001000s ]
INFO: [ app_end ] --END-- [ RunTime:0.001000s ]

[ 2016-08-14T23:27:27+08:00 ] 127.0.0.1 /lyj/BookStore/web/index.php/Home/Details/details.html
INFO: [ app_init ] --START--
INFO: Run Behavior\BuildLiteBehavior [ RunTime:0.000000s ]
INFO: [ app_init ] --END-- [ RunTime:0.000000s ]
INFO: [ app_begin ] --START--
INFO: Run Behavior\ReadHtmlCacheBehavior [ RunTime:0.001000s ]
INFO: [ app_begin ] --END-- [ RunTime:0.001000s ]
INFO: [ view_parse ] --START--
INFO: [ template_filter ] --START--
INFO: Run Behavior\ContentReplaceBehavior [ RunTime:0.000000s ]
INFO: [ template_filter ] --END-- [ RunTime:0.000000s ]
INFO: Run Behavior\ParseTemplateBehavior [ RunTime:0.014001s ]
INFO: [ view_parse ] --END-- [ RunTime:0.014001s ]
INFO: [ view_filter ] --START--
INFO: Run Behavior\WriteHtmlCacheBehavior [ RunTime:0.001000s ]
INFO: [ view_filter ] --END-- [ RunTime:0.002000s ]
INFO: [ app_end ] --START--
INFO: Run Behavior\ShowPageTraceBehavior [ RunTime:0.001000s ]
INFO: [ app_end ] --END-- [ RunTime:0.001000s ]

[ 2016-08-14T23:34:09+08:00 ] 127.0.0.1 /lyj/BookStore/web/index.php/Home/Index/index.html
INFO: [ app_init ] --START--
INFO: Run Behavior\BuildLiteBehavior [ RunTime:0.000000s ]
INFO: [ app_init ] --END-- [ RunTime:0.001000s ]
INFO: [ app_begin ] --START--
INFO: Run Behavior\ReadHtmlCacheBehavior [ RunTime:0.001000s ]
INFO: [ app_begin ] --END-- [ RunTime:0.001000s ]
SQL: SHOW COLUMNS FROM `bookstore_newbook_recommend` [ RunTime:0.0060s ]
SQL: SELECT * FROM `bookstore_newbook_recommend` LIMIT 4   [ RunTime:0.0000s ]
SQL: SHOW COLUMNS FROM `bookstore_newbook_rank` [ RunTime:0.0080s ]
SQL: SELECT * FROM `bookstore_newbook_rank` LIMIT 8   [ RunTime:0.0000s ]
SQL: SHOW COLUMNS FROM `bookstore_hotbook_recommend` [ RunTime:0.0040s ]
SQL: SELECT * FROM `bookstore_hotbook_recommend` LIMIT 4   [ RunTime:0.0010s ]
SQL: SHOW COLUMNS FROM `bookstore_hotbook_rank` [ RunTime:0.0060s ]
SQL: SELECT * FROM `bookstore_hotbook_rank` LIMIT 8   [ RunTime:0.0010s ]
INFO: [ view_parse ] --START--
INFO: [ template_filter ] --START--
INFO: Run Behavior\ContentReplaceBehavior [ RunTime:0.000000s ]
INFO: [ template_filter ] --END-- [ RunTime:0.001000s ]
INFO: Run Behavior\ParseTemplateBehavior [ RunTime:0.036002s ]
INFO: [ view_parse ] --END-- [ RunTime:0.036002s ]
INFO: [ view_filter ] --START--
INFO: Run Behavior\WriteHtmlCacheBehavior [ RunTime:0.001000s ]
INFO: [ view_filter ] --END-- [ RunTime:0.001000s ]
INFO: [ app_end ] --START--
INFO: Run Behavior\ShowPageTraceBehavior [ RunTime:0.001000s ]
INFO: [ app_end ] --END-- [ RunTime:0.001000s ]

