[ 2016-08-10T16:25:42+08:00 ] 127.0.0.1 /lyj/BookStore/web/index.php/Home/Index/index.html
INFO: [ app_init ] --START--
INFO: Run Behavior\BuildLiteBehavior [ RunTime:0.000000s ]
INFO: [ app_init ] --END-- [ RunTime:0.001000s ]
INFO: [ app_begin ] --START--
INFO: Run Behavior\ReadHtmlCacheBehavior [ RunTime:0.002000s ]
INFO: [ app_begin ] --END-- [ RunTime:0.002000s ]
SQL: SHOW COLUMNS FROM `bookstore_newbook_recommend` [ RunTime:0.0430s ]
SQL: SELECT * FROM `bookstore_newbook_recommend` LIMIT 4   [ RunTime:0.0010s ]
SQL: SHOW COLUMNS FROM `bookstore_newbook_rank` [ RunTime:0.0510s ]
SQL: SELECT * FROM `bookstore_newbook_rank` LIMIT 8   [ RunTime:0.0000s ]
SQL: SHOW COLUMNS FROM `bookstore_hotbook_recommend` [ RunTime:0.0530s ]
SQL: SELECT * FROM `bookstore_hotbook_recommend` LIMIT 4   [ RunTime:0.0010s ]
SQL: SHOW COLUMNS FROM `bookstore_hotbook_rank` [ RunTime:0.0530s ]
SQL: SELECT * FROM `bookstore_hotbook_rank` LIMIT 8   [ RunTime:0.0010s ]
INFO: [ view_parse ] --START--
INFO: [ template_filter ] --START--
INFO: Run Behavior\ContentReplaceBehavior [ RunTime:0.000000s ]
INFO: [ template_filter ] --END-- [ RunTime:0.001000s ]
INFO: Run Behavior\ParseTemplateBehavior [ RunTime:0.032002s ]
INFO: [ view_parse ] --END-- [ RunTime:0.032002s ]
INFO: [ view_filter ] --START--
INFO: Run Behavior\WriteHtmlCacheBehavior [ RunTime:0.002000s ]
INFO: [ view_filter ] --END-- [ RunTime:0.002000s ]
INFO: [ app_end ] --START--
INFO: Run Behavior\ShowPageTraceBehavior [ RunTime:0.002000s ]
INFO: [ app_end ] --END-- [ RunTime:0.002000s ]

[ 2016-08-10T17:51:33+08:00 ] 127.0.0.1 /lyj/BookStore/web/index.php
INFO: [ app_init ] --START--
INFO: Run Behavior\BuildLiteBehavior [ RunTime:0.000000s ]
INFO: [ app_init ] --END-- [ RunTime:0.000000s ]
INFO: [ app_begin ] --START--
INFO: Run Behavior\ReadHtmlCacheBehavior [ RunTime:0.002000s ]
INFO: [ app_begin ] --END-- [ RunTime:0.002000s ]
SQL: SHOW COLUMNS FROM `bookstore_newbook_recommend` [ RunTime:0.0110s ]
SQL: SELECT * FROM `bookstore_newbook_recommend` LIMIT 4   [ RunTime:0.0010s ]
SQL: SHOW COLUMNS FROM `bookstore_newbook_rank` [ RunTime:0.0060s ]
SQL: SELECT * FROM `bookstore_newbook_rank` LIMIT 8   [ RunTime:0.0000s ]
SQL: SHOW COLUMNS FROM `bookstore_hotbook_recommend` [ RunTime:0.0100s ]
SQL: SELECT * FROM `bookstore_hotbook_recommend` LIMIT 4   [ RunTime:0.0010s ]
SQL: SHOW COLUMNS FROM `bookstore_hotbook_rank` [ RunTime:0.0050s ]
SQL: SELECT * FROM `bookstore_hotbook_rank` LIMIT 8   [ RunTime:0.0040s ]
INFO: [ view_parse ] --START--
INFO: [ template_filter ] --START--
INFO: Run Behavior\ContentReplaceBehavior [ RunTime:0.000000s ]
INFO: [ template_filter ] --END-- [ RunTime:0.002000s ]
INFO: Run Behavior\ParseTemplateBehavior [ RunTime:0.142008s ]
INFO: [ view_parse ] --END-- [ RunTime:0.142008s ]
INFO: [ view_filter ] --START--
INFO: Run Behavior\WriteHtmlCacheBehavior [ RunTime:0.001000s ]
INFO: [ view_filter ] --END-- [ RunTime:0.002000s ]
INFO: [ app_end ] --START--
INFO: Run Behavior\ShowPageTraceBehavior [ RunTime:0.003001s ]
INFO: [ app_end ] --END-- [ RunTime:0.003001s ]

