[ 2016-08-24T18:16:40+08:00 ] 127.0.0.1 /lyj/bookstore/web/index.php/Home/Index/index.html
INFO: [ app_init ] --START--
INFO: Run Behavior\BuildLiteBehavior [ RunTime:0.000000s ]
INFO: [ app_init ] --END-- [ RunTime:0.067004s ]
INFO: [ app_begin ] --START--
INFO: Run Behavior\ReadHtmlCacheBehavior [ RunTime:0.011000s ]
INFO: [ app_begin ] --END-- [ RunTime:0.011000s ]
SQL: SELECT `bookId`,`img`,`bookName`,`price` FROM `bookstore_books` INNER JOIN bookstore_book_all on bookstore_books.boaId = bookstore_book_all.boaId  WHERE ( bookTypeId=1 ) LIMIT 4   [ RunTime:0.1990s ]
INFO: [ view_parse ] --START--
INFO: [ template_filter ] --START--
INFO: Run Behavior\ContentReplaceBehavior [ RunTime:0.077004s ]
INFO: [ template_filter ] --END-- [ RunTime:0.077004s ]
NOTIC: [8] Undefined variable: key C:\wamp\www\lyj\BookStore\web\Application\Runtime\Cache\Home\2a94b8bda04ff446dcedd42276fc99ee.php 第 119 行.
NOTIC: [8] Undefined variable: list C:\wamp\www\lyj\BookStore\web\Application\Runtime\Cache\Home\2a94b8bda04ff446dcedd42276fc99ee.php 第 121 行.
NOTIC: [8] Undefined variable: list C:\wamp\www\lyj\BookStore\web\Application\Runtime\Cache\Home\2a94b8bda04ff446dcedd42276fc99ee.php 第 122 行.
NOTIC: [8] Undefined variable: list C:\wamp\www\lyj\BookStore\web\Application\Runtime\Cache\Home\2a94b8bda04ff446dcedd42276fc99ee.php 第 126 行.
NOTIC: [8] Undefined variable: list C:\wamp\www\lyj\BookStore\web\Application\Runtime\Cache\Home\2a94b8bda04ff446dcedd42276fc99ee.php 第 126 行.
NOTIC: [8] Undefined variable: list C:\wamp\www\lyj\BookStore\web\Application\Runtime\Cache\Home\2a94b8bda04ff446dcedd42276fc99ee.php 第 129 行.
NOTIC: [8] Undefined variable: arr C:\wamp\www\lyj\BookStore\web\Application\Runtime\Cache\Home\2a94b8bda04ff446dcedd42276fc99ee.php 第 133 行.
NOTIC: [8] Undefined index: bookId C:\wamp\www\lyj\BookStore\web\Application\Runtime\Cache\Home\2a94b8bda04ff446dcedd42276fc99ee.php 第 138 行.
NOTIC: [8] Undefined index: bookId C:\wamp\www\lyj\BookStore\web\Application\Runtime\Cache\Home\2a94b8bda04ff446dcedd42276fc99ee.php 第 138 行.
NOTIC: [8] Undefined index: bookName C:\wamp\www\lyj\BookStore\web\Application\Runtime\Cache\Home\2a94b8bda04ff446dcedd42276fc99ee.php 第 138 行.
NOTIC: [8] Undefined variable: nb_rank C:\wamp\www\lyj\BookStore\web\Application\Runtime\Cache\Home\2a94b8bda04ff446dcedd42276fc99ee.php 第 143 行.
NOTIC: [8] Undefined variable: hb_recommend C:\wamp\www\lyj\BookStore\web\Application\Runtime\Cache\Home\2a94b8bda04ff446dcedd42276fc99ee.php 第 151 行.
NOTIC: [8] Undefined variable: hb_rank C:\wamp\www\lyj\BookStore\web\Application\Runtime\Cache\Home\2a94b8bda04ff446dcedd42276fc99ee.php 第 157 行.
INFO: Run Behavior\ParseTemplateBehavior [ RunTime:0.250014s ]
INFO: [ view_parse ] --END-- [ RunTime:0.250014s ]
INFO: [ view_filter ] --START--
INFO: Run Behavior\WriteHtmlCacheBehavior [ RunTime:0.020001s ]
INFO: [ view_filter ] --END-- [ RunTime:0.020001s ]
INFO: [ app_end ] --START--
INFO: Run Behavior\ShowPageTraceBehavior [ RunTime:0.012001s ]
INFO: [ app_end ] --END-- [ RunTime:0.014001s ]

[ 2016-08-24T18:18:46+08:00 ] 127.0.0.1 /lyj/bookstore/web/index.php/Home/Login/index.html
INFO: [ app_init ] --START--
INFO: Run Behavior\BuildLiteBehavior [ RunTime:0.001000s ]
INFO: [ app_init ] --END-- [ RunTime:0.001000s ]
INFO: [ app_begin ] --START--
INFO: Run Behavior\ReadHtmlCacheBehavior [ RunTime:0.000000s ]
INFO: [ app_begin ] --END-- [ RunTime:0.002000s ]
INFO: [ view_parse ] --START--
INFO: [ template_filter ] --START--
INFO: Run Behavior\ContentReplaceBehavior [ RunTime:0.000000s ]
INFO: [ template_filter ] --END-- [ RunTime:0.001000s ]
INFO: Run Behavior\ParseTemplateBehavior [ RunTime:0.028002s ]
INFO: [ view_parse ] --END-- [ RunTime:0.028002s ]
INFO: [ view_filter ] --START--
INFO: Run Behavior\WriteHtmlCacheBehavior [ RunTime:0.000000s ]
INFO: [ view_filter ] --END-- [ RunTime:0.000000s ]
INFO: [ app_end ] --START--
INFO: Run Behavior\ShowPageTraceBehavior [ RunTime:0.001000s ]
INFO: [ app_end ] --END-- [ RunTime:0.001000s ]

[ 2016-08-24T18:18:48+08:00 ] 127.0.0.1 /lyj/bookstore/web/index.php/Home/Register/index.html
INFO: [ app_init ] --START--
INFO: Run Behavior\BuildLiteBehavior [ RunTime:0.000000s ]
INFO: [ app_init ] --END-- [ RunTime:0.000000s ]
INFO: [ app_begin ] --START--
INFO: Run Behavior\ReadHtmlCacheBehavior [ RunTime:0.001000s ]
INFO: [ app_begin ] --END-- [ RunTime:0.001000s ]
INFO: [ view_parse ] --START--
INFO: [ template_filter ] --START--
INFO: Run Behavior\ContentReplaceBehavior [ RunTime:0.000000s ]
INFO: [ template_filter ] --END-- [ RunTime:0.000000s ]
INFO: Run Behavior\ParseTemplateBehavior [ RunTime:0.039003s ]
INFO: [ view_parse ] --END-- [ RunTime:0.040003s ]
INFO: [ view_filter ] --START--
INFO: Run Behavior\WriteHtmlCacheBehavior [ RunTime:0.000000s ]
INFO: [ view_filter ] --END-- [ RunTime:0.000000s ]
INFO: [ app_end ] --START--
INFO: Run Behavior\ShowPageTraceBehavior [ RunTime:0.001000s ]
INFO: [ app_end ] --END-- [ RunTime:0.002000s ]

[ 2016-08-24T18:18:51+08:00 ] 127.0.0.1 /lyj/bookstore/web/index.php/Home/Index/index.html
INFO: [ app_init ] --START--
INFO: Run Behavior\BuildLiteBehavior [ RunTime:0.000000s ]
INFO: [ app_init ] --END-- [ RunTime:0.000000s ]
INFO: [ app_begin ] --START--
INFO: Run Behavior\ReadHtmlCacheBehavior [ RunTime:0.002001s ]
INFO: [ app_begin ] --END-- [ RunTime:0.002001s ]
SQL: SELECT `bookId`,`img`,`bookName`,`price` FROM `bookstore_books` INNER JOIN bookstore_book_all on bookstore_books.boaId = bookstore_book_all.boaId  WHERE ( bookTypeId=1 ) LIMIT 4   [ RunTime:0.0010s ]
INFO: [ view_parse ] --START--
INFO: [ template_filter ] --START--
INFO: Run Behavior\ContentReplaceBehavior [ RunTime:0.001000s ]
INFO: [ template_filter ] --END-- [ RunTime:0.001000s ]
NOTIC: [8] Undefined variable: key C:\wamp\www\lyj\BookStore\web\Application\Runtime\Cache\Home\2a94b8bda04ff446dcedd42276fc99ee.php 第 119 行.
NOTIC: [8] Undefined variable: list C:\wamp\www\lyj\BookStore\web\Application\Runtime\Cache\Home\2a94b8bda04ff446dcedd42276fc99ee.php 第 121 行.
NOTIC: [8] Undefined variable: list C:\wamp\www\lyj\BookStore\web\Application\Runtime\Cache\Home\2a94b8bda04ff446dcedd42276fc99ee.php 第 122 行.
NOTIC: [8] Undefined variable: list C:\wamp\www\lyj\BookStore\web\Application\Runtime\Cache\Home\2a94b8bda04ff446dcedd42276fc99ee.php 第 126 行.
NOTIC: [8] Undefined variable: list C:\wamp\www\lyj\BookStore\web\Application\Runtime\Cache\Home\2a94b8bda04ff446dcedd42276fc99ee.php 第 126 行.
NOTIC: [8] Undefined variable: list C:\wamp\www\lyj\BookStore\web\Application\Runtime\Cache\Home\2a94b8bda04ff446dcedd42276fc99ee.php 第 129 行.
NOTIC: [8] Undefined variable: arr C:\wamp\www\lyj\BookStore\web\Application\Runtime\Cache\Home\2a94b8bda04ff446dcedd42276fc99ee.php 第 133 行.
NOTIC: [8] Undefined index: bookId C:\wamp\www\lyj\BookStore\web\Application\Runtime\Cache\Home\2a94b8bda04ff446dcedd42276fc99ee.php 第 138 行.
NOTIC: [8] Undefined index: bookId C:\wamp\www\lyj\BookStore\web\Application\Runtime\Cache\Home\2a94b8bda04ff446dcedd42276fc99ee.php 第 138 行.
NOTIC: [8] Undefined index: bookName C:\wamp\www\lyj\BookStore\web\Application\Runtime\Cache\Home\2a94b8bda04ff446dcedd42276fc99ee.php 第 138 行.
NOTIC: [8] Undefined variable: nb_rank C:\wamp\www\lyj\BookStore\web\Application\Runtime\Cache\Home\2a94b8bda04ff446dcedd42276fc99ee.php 第 143 行.
NOTIC: [8] Undefined variable: hb_recommend C:\wamp\www\lyj\BookStore\web\Application\Runtime\Cache\Home\2a94b8bda04ff446dcedd42276fc99ee.php 第 151 行.
NOTIC: [8] Undefined variable: hb_rank C:\wamp\www\lyj\BookStore\web\Application\Runtime\Cache\Home\2a94b8bda04ff446dcedd42276fc99ee.php 第 157 行.
INFO: Run Behavior\ParseTemplateBehavior [ RunTime:0.048003s ]
INFO: [ view_parse ] --END-- [ RunTime:0.048003s ]
INFO: [ view_filter ] --START--
INFO: Run Behavior\WriteHtmlCacheBehavior [ RunTime:0.001000s ]
INFO: [ view_filter ] --END-- [ RunTime:0.001000s ]
INFO: [ app_end ] --START--
INFO: Run Behavior\ShowPageTraceBehavior [ RunTime:0.001000s ]
INFO: [ app_end ] --END-- [ RunTime:0.001000s ]

