[ 2016-08-07T16:30:09+08:00 ] 127.0.0.1 /lyj/BookStore/web/index.php/Home/Index/index.html
INFO: [ app_init ] --START--
INFO: Run Behavior\BuildLiteBehavior [ RunTime:0.000000s ]
INFO: [ app_init ] --END-- [ RunTime:0.002000s ]
INFO: [ app_begin ] --START--
INFO: Run Behavior\ReadHtmlCacheBehavior [ RunTime:0.007000s ]
INFO: [ app_begin ] --END-- [ RunTime:0.007000s ]
SQL: SHOW COLUMNS FROM `bookstore_newbook_recommend` [ RunTime:0.0610s ]
SQL: SELECT * FROM `bookstore_newbook_recommend` LIMIT 4   [ RunTime:0.0000s ]
SQL: SHOW COLUMNS FROM `bookstore_newbook_rank` [ RunTime:0.0560s ]
SQL: SELECT * FROM `bookstore_newbook_rank` LIMIT 8   [ RunTime:0.0000s ]
SQL: SHOW COLUMNS FROM `bookstore_hotbook_recommend` [ RunTime:0.0560s ]
SQL: SELECT * FROM `bookstore_hotbook_recommend` LIMIT 4   [ RunTime:0.0000s ]
SQL: SHOW COLUMNS FROM `bookstore_hotbook_rank` [ RunTime:0.0530s ]
SQL: SELECT * FROM `bookstore_hotbook_rank` LIMIT 8   [ RunTime:0.0010s ]
INFO: [ view_parse ] --START--
INFO: [ template_filter ] --START--
INFO: Run Behavior\ContentReplaceBehavior [ RunTime:0.000000s ]
INFO: [ template_filter ] --END-- [ RunTime:0.001000s ]
INFO: Run Behavior\ParseTemplateBehavior [ RunTime:0.121006s ]
INFO: [ view_parse ] --END-- [ RunTime:0.121006s ]
INFO: [ view_filter ] --START--
INFO: Run Behavior\WriteHtmlCacheBehavior [ RunTime:0.009000s ]
INFO: [ view_filter ] --END-- [ RunTime:0.011001s ]
INFO: [ app_end ] --START--
INFO: Run Behavior\ShowPageTraceBehavior [ RunTime:0.006000s ]
INFO: [ app_end ] --END-- [ RunTime:0.006000s ]

[ 2016-08-07T16:33:11+08:00 ] 127.0.0.1 /lyj/BookStore/web/index.php/Home/Index/index.html
INFO: [ app_init ] --START--
INFO: Run Behavior\BuildLiteBehavior [ RunTime:0.001000s ]
INFO: [ app_init ] --END-- [ RunTime:0.001000s ]
INFO: [ app_begin ] --START--
INFO: Run Behavior\ReadHtmlCacheBehavior [ RunTime:0.001000s ]
INFO: [ app_begin ] --END-- [ RunTime:0.001000s ]
SQL: SHOW COLUMNS FROM `bookstore_newbook_recommend` [ RunTime:0.0040s ]
SQL: SELECT * FROM `bookstore_newbook_recommend` LIMIT 4   [ RunTime:0.0000s ]
SQL: SHOW COLUMNS FROM `bookstore_newbook_rank` [ RunTime:0.0050s ]
SQL: SELECT * FROM `bookstore_newbook_rank` LIMIT 8   [ RunTime:0.0000s ]
SQL: SHOW COLUMNS FROM `bookstore_hotbook_recommend` [ RunTime:0.0040s ]
SQL: SELECT * FROM `bookstore_hotbook_recommend` LIMIT 4   [ RunTime:0.0000s ]
SQL: SHOW COLUMNS FROM `bookstore_hotbook_rank` [ RunTime:0.0050s ]
SQL: SELECT * FROM `bookstore_hotbook_rank` LIMIT 8   [ RunTime:0.0000s ]
INFO: [ view_parse ] --START--
INFO: [ template_filter ] --START--
INFO: Run Behavior\ContentReplaceBehavior [ RunTime:0.000000s ]
INFO: [ template_filter ] --END-- [ RunTime:0.000000s ]
INFO: Run Behavior\ParseTemplateBehavior [ RunTime:0.030001s ]
INFO: [ view_parse ] --END-- [ RunTime:0.030001s ]
INFO: [ view_filter ] --START--
INFO: Run Behavior\WriteHtmlCacheBehavior [ RunTime:0.000000s ]
INFO: [ view_filter ] --END-- [ RunTime:0.000000s ]
INFO: [ app_end ] --START--
INFO: Run Behavior\ShowPageTraceBehavior [ RunTime:0.002001s ]
INFO: [ app_end ] --END-- [ RunTime:0.002001s ]

[ 2016-08-07T16:33:32+08:00 ] 127.0.0.1 /lyj/BookStore/web/index.php/Home/Index/index.html
INFO: [ app_init ] --START--
INFO: Run Behavior\BuildLiteBehavior [ RunTime:0.000000s ]
INFO: [ app_init ] --END-- [ RunTime:0.001000s ]
INFO: [ app_begin ] --START--
INFO: Run Behavior\ReadHtmlCacheBehavior [ RunTime:0.002001s ]
INFO: [ app_begin ] --END-- [ RunTime:0.002001s ]
SQL: SHOW COLUMNS FROM `bookstore_newbook_recommend` [ RunTime:0.0060s ]
SQL: SELECT * FROM `bookstore_newbook_recommend` LIMIT 4   [ RunTime:0.0000s ]
SQL: SHOW COLUMNS FROM `bookstore_newbook_rank` [ RunTime:0.0040s ]
SQL: SELECT * FROM `bookstore_newbook_rank` LIMIT 8   [ RunTime:0.0010s ]
SQL: SHOW COLUMNS FROM `bookstore_hotbook_recommend` [ RunTime:0.0040s ]
SQL: SELECT * FROM `bookstore_hotbook_recommend` LIMIT 4   [ RunTime:0.0010s ]
SQL: SHOW COLUMNS FROM `bookstore_hotbook_rank` [ RunTime:0.0050s ]
SQL: SELECT * FROM `bookstore_hotbook_rank` LIMIT 8   [ RunTime:0.0010s ]
INFO: [ view_parse ] --START--
INFO: [ template_filter ] --START--
INFO: Run Behavior\ContentReplaceBehavior [ RunTime:0.000000s ]
INFO: [ template_filter ] --END-- [ RunTime:0.000000s ]
INFO: Run Behavior\ParseTemplateBehavior [ RunTime:0.031001s ]
INFO: [ view_parse ] --END-- [ RunTime:0.032001s ]
INFO: [ view_filter ] --START--
INFO: Run Behavior\WriteHtmlCacheBehavior [ RunTime:0.000000s ]
INFO: [ view_filter ] --END-- [ RunTime:0.000000s ]
INFO: [ app_end ] --START--
INFO: Run Behavior\ShowPageTraceBehavior [ RunTime:0.000000s ]
INFO: [ app_end ] --END-- [ RunTime:0.000000s ]

[ 2016-08-07T16:34:04+08:00 ] 127.0.0.1 /lyj/BookStore/web/index.php/Home/Index/index.html
INFO: [ app_init ] --START--
INFO: Run Behavior\BuildLiteBehavior [ RunTime:0.000000s ]
INFO: [ app_init ] --END-- [ RunTime:0.002000s ]
INFO: [ app_begin ] --START--
INFO: Run Behavior\ReadHtmlCacheBehavior [ RunTime:0.002000s ]
INFO: [ app_begin ] --END-- [ RunTime:0.002000s ]
SQL: SHOW COLUMNS FROM `bookstore_newbook_recommend` [ RunTime:0.0040s ]
SQL: SELECT * FROM `bookstore_newbook_recommend` LIMIT 4   [ RunTime:0.0000s ]
SQL: SHOW COLUMNS FROM `bookstore_newbook_rank` [ RunTime:0.0060s ]
SQL: SELECT * FROM `bookstore_newbook_rank` LIMIT 8   [ RunTime:0.0000s ]
SQL: SHOW COLUMNS FROM `bookstore_hotbook_recommend` [ RunTime:0.0050s ]
SQL: SELECT * FROM `bookstore_hotbook_recommend` LIMIT 4   [ RunTime:0.0010s ]
SQL: SHOW COLUMNS FROM `bookstore_hotbook_rank` [ RunTime:0.0040s ]
SQL: SELECT * FROM `bookstore_hotbook_rank` LIMIT 8   [ RunTime:0.0010s ]
INFO: [ view_parse ] --START--
INFO: [ template_filter ] --START--
INFO: Run Behavior\ContentReplaceBehavior [ RunTime:0.000000s ]
INFO: [ template_filter ] --END-- [ RunTime:0.000000s ]
INFO: Run Behavior\ParseTemplateBehavior [ RunTime:0.032002s ]
INFO: [ view_parse ] --END-- [ RunTime:0.032002s ]
INFO: [ view_filter ] --START--
INFO: Run Behavior\WriteHtmlCacheBehavior [ RunTime:0.001000s ]
INFO: [ view_filter ] --END-- [ RunTime:0.001000s ]
INFO: [ app_end ] --START--
INFO: Run Behavior\ShowPageTraceBehavior [ RunTime:0.001000s ]
INFO: [ app_end ] --END-- [ RunTime:0.001000s ]

[ 2016-08-07T16:34:27+08:00 ] 127.0.0.1 /lyj/BookStore/web/index.php/Home/Index/index.html
INFO: [ app_init ] --START--
INFO: Run Behavior\BuildLiteBehavior [ RunTime:0.000000s ]
INFO: [ app_init ] --END-- [ RunTime:0.001000s ]
INFO: [ app_begin ] --START--
INFO: Run Behavior\ReadHtmlCacheBehavior [ RunTime:0.001000s ]
INFO: [ app_begin ] --END-- [ RunTime:0.001000s ]
SQL: SHOW COLUMNS FROM `bookstore_newbook_recommend` [ RunTime:0.0060s ]
SQL: SELECT * FROM `bookstore_newbook_recommend` LIMIT 4   [ RunTime:0.0010s ]
SQL: SHOW COLUMNS FROM `bookstore_newbook_rank` [ RunTime:0.0060s ]
SQL: SELECT * FROM `bookstore_newbook_rank` LIMIT 8   [ RunTime:0.0010s ]
SQL: SHOW COLUMNS FROM `bookstore_hotbook_recommend` [ RunTime:0.0050s ]
SQL: SELECT * FROM `bookstore_hotbook_recommend` LIMIT 4   [ RunTime:0.0010s ]
SQL: SHOW COLUMNS FROM `bookstore_hotbook_rank` [ RunTime:0.0050s ]
SQL: SELECT * FROM `bookstore_hotbook_rank` LIMIT 8   [ RunTime:0.0010s ]
INFO: [ view_parse ] --START--
INFO: [ template_filter ] --START--
INFO: Run Behavior\ContentReplaceBehavior [ RunTime:0.001000s ]
INFO: [ template_filter ] --END-- [ RunTime:0.001000s ]
INFO: Run Behavior\ParseTemplateBehavior [ RunTime:0.039002s ]
INFO: [ view_parse ] --END-- [ RunTime:0.039002s ]
INFO: [ view_filter ] --START--
INFO: Run Behavior\WriteHtmlCacheBehavior [ RunTime:0.000000s ]
INFO: [ view_filter ] --END-- [ RunTime:0.002000s ]
INFO: [ app_end ] --START--
INFO: Run Behavior\ShowPageTraceBehavior [ RunTime:0.003000s ]
INFO: [ app_end ] --END-- [ RunTime:0.003000s ]

[ 2016-08-07T16:34:42+08:00 ] 127.0.0.1 /lyj/BookStore/web/index.php/Home/Index/index.html
INFO: [ app_init ] --START--
INFO: Run Behavior\BuildLiteBehavior [ RunTime:0.000000s ]
INFO: [ app_init ] --END-- [ RunTime:0.001000s ]
INFO: [ app_begin ] --START--
INFO: Run Behavior\ReadHtmlCacheBehavior [ RunTime:0.000000s ]
INFO: [ app_begin ] --END-- [ RunTime:0.002000s ]
SQL: SHOW COLUMNS FROM `bookstore_newbook_recommend` [ RunTime:0.0060s ]
SQL: SELECT * FROM `bookstore_newbook_recommend` LIMIT 4   [ RunTime:0.0010s ]
SQL: SHOW COLUMNS FROM `bookstore_newbook_rank` [ RunTime:0.0040s ]
SQL: SELECT * FROM `bookstore_newbook_rank` LIMIT 8   [ RunTime:0.0010s ]
SQL: SHOW COLUMNS FROM `bookstore_hotbook_recommend` [ RunTime:0.0040s ]
SQL: SELECT * FROM `bookstore_hotbook_recommend` LIMIT 4   [ RunTime:0.0000s ]
SQL: SHOW COLUMNS FROM `bookstore_hotbook_rank` [ RunTime:0.0040s ]
SQL: SELECT * FROM `bookstore_hotbook_rank` LIMIT 8   [ RunTime:0.0000s ]
INFO: [ view_parse ] --START--
INFO: [ template_filter ] --START--
INFO: Run Behavior\ContentReplaceBehavior [ RunTime:0.000000s ]
INFO: [ template_filter ] --END-- [ RunTime:0.001000s ]
INFO: Run Behavior\ParseTemplateBehavior [ RunTime:0.034002s ]
INFO: [ view_parse ] --END-- [ RunTime:0.036002s ]
INFO: [ view_filter ] --START--
INFO: Run Behavior\WriteHtmlCacheBehavior [ RunTime:0.000000s ]
INFO: [ view_filter ] --END-- [ RunTime:0.000000s ]
INFO: [ app_end ] --START--
INFO: Run Behavior\ShowPageTraceBehavior [ RunTime:0.000000s ]
INFO: [ app_end ] --END-- [ RunTime:0.001000s ]

[ 2016-08-07T16:34:48+08:00 ] 127.0.0.1 /lyj/BookStore/web/index.php/Home/Index/index.html
INFO: [ app_init ] --START--
INFO: Run Behavior\BuildLiteBehavior [ RunTime:0.000000s ]
INFO: [ app_init ] --END-- [ RunTime:0.000000s ]
INFO: [ app_begin ] --START--
INFO: Run Behavior\ReadHtmlCacheBehavior [ RunTime:0.002000s ]
INFO: [ app_begin ] --END-- [ RunTime:0.003000s ]
SQL: SHOW COLUMNS FROM `bookstore_newbook_recommend` [ RunTime:0.0050s ]
SQL: SELECT * FROM `bookstore_newbook_recommend` LIMIT 4   [ RunTime:0.0000s ]
SQL: SHOW COLUMNS FROM `bookstore_newbook_rank` [ RunTime:0.0040s ]
SQL: SELECT * FROM `bookstore_newbook_rank` LIMIT 8   [ RunTime:0.0000s ]
SQL: SHOW COLUMNS FROM `bookstore_hotbook_recommend` [ RunTime:0.0060s ]
SQL: SELECT * FROM `bookstore_hotbook_recommend` LIMIT 4   [ RunTime:0.0000s ]
SQL: SHOW COLUMNS FROM `bookstore_hotbook_rank` [ RunTime:0.0030s ]
SQL: SELECT * FROM `bookstore_hotbook_rank` LIMIT 8   [ RunTime:0.0000s ]
INFO: [ view_parse ] --START--
INFO: [ template_filter ] --START--
INFO: Run Behavior\ContentReplaceBehavior [ RunTime:0.000000s ]
INFO: [ template_filter ] --END-- [ RunTime:0.001000s ]
INFO: Run Behavior\ParseTemplateBehavior [ RunTime:0.041003s ]
INFO: [ view_parse ] --END-- [ RunTime:0.041003s ]
INFO: [ view_filter ] --START--
INFO: Run Behavior\WriteHtmlCacheBehavior [ RunTime:0.000000s ]
INFO: [ view_filter ] --END-- [ RunTime:0.001000s ]
INFO: [ app_end ] --START--
INFO: Run Behavior\ShowPageTraceBehavior [ RunTime:0.001000s ]
INFO: [ app_end ] --END-- [ RunTime:0.001000s ]

[ 2016-08-07T16:35:06+08:00 ] 127.0.0.1 /lyj/BookStore/web/index.php/Home/Index/index.html
INFO: [ app_init ] --START--
INFO: Run Behavior\BuildLiteBehavior [ RunTime:0.000000s ]
INFO: [ app_init ] --END-- [ RunTime:0.000000s ]
INFO: [ app_begin ] --START--
INFO: Run Behavior\ReadHtmlCacheBehavior [ RunTime:0.000000s ]
INFO: [ app_begin ] --END-- [ RunTime:0.002000s ]
SQL: SHOW COLUMNS FROM `bookstore_newbook_recommend` [ RunTime:0.0040s ]
SQL: SELECT * FROM `bookstore_newbook_recommend` LIMIT 4   [ RunTime:0.0000s ]
SQL: SHOW COLUMNS FROM `bookstore_newbook_rank` [ RunTime:0.0070s ]
SQL: SELECT * FROM `bookstore_newbook_rank` LIMIT 8   [ RunTime:0.0010s ]
SQL: SHOW COLUMNS FROM `bookstore_hotbook_recommend` [ RunTime:0.0030s ]
SQL: SELECT * FROM `bookstore_hotbook_recommend` LIMIT 4   [ RunTime:0.0010s ]
SQL: SHOW COLUMNS FROM `bookstore_hotbook_rank` [ RunTime:0.0050s ]
SQL: SELECT * FROM `bookstore_hotbook_rank` LIMIT 8   [ RunTime:0.0010s ]
INFO: [ view_parse ] --START--
INFO: [ template_filter ] --START--
INFO: Run Behavior\ContentReplaceBehavior [ RunTime:0.000000s ]
INFO: [ template_filter ] --END-- [ RunTime:0.000000s ]
INFO: Run Behavior\ParseTemplateBehavior [ RunTime:0.033002s ]
INFO: [ view_parse ] --END-- [ RunTime:0.035002s ]
INFO: [ view_filter ] --START--
INFO: Run Behavior\WriteHtmlCacheBehavior [ RunTime:0.001000s ]
INFO: [ view_filter ] --END-- [ RunTime:0.001000s ]
INFO: [ app_end ] --START--
INFO: Run Behavior\ShowPageTraceBehavior [ RunTime:0.001000s ]
INFO: [ app_end ] --END-- [ RunTime:0.002000s ]

[ 2016-08-07T16:35:27+08:00 ] 127.0.0.1 /lyj/BookStore/web/index.php/Home/Index/index.html
INFO: [ app_init ] --START--
INFO: Run Behavior\BuildLiteBehavior [ RunTime:0.000000s ]
INFO: [ app_init ] --END-- [ RunTime:0.000000s ]
INFO: [ app_begin ] --START--
INFO: Run Behavior\ReadHtmlCacheBehavior [ RunTime:0.001000s ]
INFO: [ app_begin ] --END-- [ RunTime:0.001000s ]
SQL: SHOW COLUMNS FROM `bookstore_newbook_recommend` [ RunTime:0.0060s ]
SQL: SELECT * FROM `bookstore_newbook_recommend` LIMIT 4   [ RunTime:0.0030s ]
SQL: SHOW COLUMNS FROM `bookstore_newbook_rank` [ RunTime:0.0050s ]
SQL: SELECT * FROM `bookstore_newbook_rank` LIMIT 8   [ RunTime:0.0000s ]
SQL: SHOW COLUMNS FROM `bookstore_hotbook_recommend` [ RunTime:0.0050s ]
SQL: SELECT * FROM `bookstore_hotbook_recommend` LIMIT 4   [ RunTime:0.0020s ]
SQL: SHOW COLUMNS FROM `bookstore_hotbook_rank` [ RunTime:0.0060s ]
SQL: SELECT * FROM `bookstore_hotbook_rank` LIMIT 8   [ RunTime:0.0000s ]
INFO: [ view_parse ] --START--
INFO: [ template_filter ] --START--
INFO: Run Behavior\ContentReplaceBehavior [ RunTime:0.001000s ]
INFO: [ template_filter ] --END-- [ RunTime:0.001000s ]
INFO: Run Behavior\ParseTemplateBehavior [ RunTime:0.040002s ]
INFO: [ view_parse ] --END-- [ RunTime:0.041002s ]
INFO: [ view_filter ] --START--
INFO: Run Behavior\WriteHtmlCacheBehavior [ RunTime:0.001001s ]
INFO: [ view_filter ] --END-- [ RunTime:0.002001s ]
INFO: [ app_end ] --START--
INFO: Run Behavior\ShowPageTraceBehavior [ RunTime:0.001000s ]
INFO: [ app_end ] --END-- [ RunTime:0.001000s ]

[ 2016-08-07T16:35:35+08:00 ] 127.0.0.1 /lyj/BookStore/web/index.php/Home/Index/index.html
INFO: [ app_init ] --START--
INFO: Run Behavior\BuildLiteBehavior [ RunTime:0.000000s ]
INFO: [ app_init ] --END-- [ RunTime:0.002000s ]
INFO: [ app_begin ] --START--
INFO: Run Behavior\ReadHtmlCacheBehavior [ RunTime:0.001000s ]
INFO: [ app_begin ] --END-- [ RunTime:0.001000s ]
SQL: SHOW COLUMNS FROM `bookstore_newbook_recommend` [ RunTime:0.0060s ]
SQL: SELECT * FROM `bookstore_newbook_recommend` LIMIT 4   [ RunTime:0.0010s ]
SQL: SHOW COLUMNS FROM `bookstore_newbook_rank` [ RunTime:0.0060s ]
SQL: SELECT * FROM `bookstore_newbook_rank` LIMIT 8   [ RunTime:0.0010s ]
SQL: SHOW COLUMNS FROM `bookstore_hotbook_recommend` [ RunTime:0.0040s ]
SQL: SELECT * FROM `bookstore_hotbook_recommend` LIMIT 4   [ RunTime:0.0000s ]
SQL: SHOW COLUMNS FROM `bookstore_hotbook_rank` [ RunTime:0.0050s ]
SQL: SELECT * FROM `bookstore_hotbook_rank` LIMIT 8   [ RunTime:0.0010s ]
INFO: [ view_parse ] --START--
INFO: [ template_filter ] --START--
INFO: Run Behavior\ContentReplaceBehavior [ RunTime:0.000000s ]
INFO: [ template_filter ] --END-- [ RunTime:0.000000s ]
INFO: Run Behavior\ParseTemplateBehavior [ RunTime:0.050003s ]
INFO: [ view_parse ] --END-- [ RunTime:0.051003s ]
INFO: [ view_filter ] --START--
INFO: Run Behavior\WriteHtmlCacheBehavior [ RunTime:0.003000s ]
INFO: [ view_filter ] --END-- [ RunTime:0.004000s ]
INFO: [ app_end ] --START--
INFO: Run Behavior\ShowPageTraceBehavior [ RunTime:0.008001s ]
INFO: [ app_end ] --END-- [ RunTime:0.008001s ]

[ 2016-08-07T16:36:23+08:00 ] 127.0.0.1 /lyj/BookStore/web/index.php/Home/Index/index.html
INFO: [ app_init ] --START--
INFO: Run Behavior\BuildLiteBehavior [ RunTime:0.000000s ]
INFO: [ app_init ] --END-- [ RunTime:0.001000s ]
INFO: [ app_begin ] --START--
INFO: Run Behavior\ReadHtmlCacheBehavior [ RunTime:0.000000s ]
INFO: [ app_begin ] --END-- [ RunTime:0.000000s ]
SQL: SHOW COLUMNS FROM `bookstore_newbook_recommend` [ RunTime:0.0620s ]
SQL: SELECT * FROM `bookstore_newbook_recommend` LIMIT 4   [ RunTime:0.0000s ]
SQL: SHOW COLUMNS FROM `bookstore_newbook_rank` [ RunTime:0.0050s ]
SQL: SELECT * FROM `bookstore_newbook_rank` LIMIT 8   [ RunTime:0.0000s ]
SQL: SHOW COLUMNS FROM `bookstore_hotbook_recommend` [ RunTime:0.0060s ]
SQL: SELECT * FROM `bookstore_hotbook_recommend` LIMIT 4   [ RunTime:0.0000s ]
SQL: SHOW COLUMNS FROM `bookstore_hotbook_rank` [ RunTime:0.0030s ]
SQL: SELECT * FROM `bookstore_hotbook_rank` LIMIT 8   [ RunTime:0.0010s ]
INFO: [ view_parse ] --START--
INFO: [ template_filter ] --START--
INFO: Run Behavior\ContentReplaceBehavior [ RunTime:0.000000s ]
INFO: [ template_filter ] --END-- [ RunTime:0.001000s ]
INFO: Run Behavior\ParseTemplateBehavior [ RunTime:0.028002s ]
INFO: [ view_parse ] --END-- [ RunTime:0.029002s ]
INFO: [ view_filter ] --START--
INFO: Run Behavior\WriteHtmlCacheBehavior [ RunTime:0.001000s ]
INFO: [ view_filter ] --END-- [ RunTime:0.001000s ]
INFO: [ app_end ] --START--
INFO: Run Behavior\ShowPageTraceBehavior [ RunTime:0.001000s ]
INFO: [ app_end ] --END-- [ RunTime:0.002000s ]

[ 2016-08-07T16:37:19+08:00 ] 127.0.0.1 /lyj/BookStore/web/index.php/Home/Index/index.html
INFO: [ app_init ] --START--
INFO: Run Behavior\BuildLiteBehavior [ RunTime:0.000000s ]
INFO: [ app_init ] --END-- [ RunTime:0.001000s ]
INFO: [ app_begin ] --START--
INFO: Run Behavior\ReadHtmlCacheBehavior [ RunTime:0.001000s ]
INFO: [ app_begin ] --END-- [ RunTime:0.001000s ]
SQL: SHOW COLUMNS FROM `bookstore_newbook_recommend` [ RunTime:0.0060s ]
SQL: SELECT * FROM `bookstore_newbook_recommend` LIMIT 4   [ RunTime:0.0010s ]
SQL: SHOW COLUMNS FROM `bookstore_newbook_rank` [ RunTime:0.0160s ]
SQL: SELECT * FROM `bookstore_newbook_rank` LIMIT 8   [ RunTime:0.0000s ]
SQL: SHOW COLUMNS FROM `bookstore_hotbook_recommend` [ RunTime:0.0080s ]
SQL: SELECT * FROM `bookstore_hotbook_recommend` LIMIT 4   [ RunTime:0.0010s ]
SQL: SHOW COLUMNS FROM `bookstore_hotbook_rank` [ RunTime:0.0120s ]
SQL: SELECT * FROM `bookstore_hotbook_rank` LIMIT 8   [ RunTime:0.0010s ]
INFO: [ view_parse ] --START--
INFO: [ template_filter ] --START--
INFO: Run Behavior\ContentReplaceBehavior [ RunTime:0.000000s ]
INFO: [ template_filter ] --END-- [ RunTime:0.000000s ]
INFO: Run Behavior\ParseTemplateBehavior [ RunTime:0.055003s ]
INFO: [ view_parse ] --END-- [ RunTime:0.055003s ]
INFO: [ view_filter ] --START--
INFO: Run Behavior\WriteHtmlCacheBehavior [ RunTime:0.001000s ]
INFO: [ view_filter ] --END-- [ RunTime:0.001000s ]
INFO: [ app_end ] --START--
INFO: Run Behavior\ShowPageTraceBehavior [ RunTime:0.001000s ]
INFO: [ app_end ] --END-- [ RunTime:0.001000s ]

[ 2016-08-07T16:37:25+08:00 ] 127.0.0.1 /lyj/BookStore/web/index.php/Home/Index/index.html
INFO: [ app_init ] --START--
INFO: Run Behavior\BuildLiteBehavior [ RunTime:0.000000s ]
INFO: [ app_init ] --END-- [ RunTime:0.001000s ]
INFO: [ app_begin ] --START--
INFO: Run Behavior\ReadHtmlCacheBehavior [ RunTime:0.001000s ]
INFO: [ app_begin ] --END-- [ RunTime:0.001000s ]
SQL: SHOW COLUMNS FROM `bookstore_newbook_recommend` [ RunTime:0.0040s ]
SQL: SELECT * FROM `bookstore_newbook_recommend` LIMIT 4   [ RunTime:0.0010s ]
SQL: SHOW COLUMNS FROM `bookstore_newbook_rank` [ RunTime:0.0600s ]
SQL: SELECT * FROM `bookstore_newbook_rank` LIMIT 8   [ RunTime:0.0020s ]
SQL: SHOW COLUMNS FROM `bookstore_hotbook_recommend` [ RunTime:0.0080s ]
SQL: SELECT * FROM `bookstore_hotbook_recommend` LIMIT 4   [ RunTime:0.0010s ]
SQL: SHOW COLUMNS FROM `bookstore_hotbook_rank` [ RunTime:0.0050s ]
SQL: SELECT * FROM `bookstore_hotbook_rank` LIMIT 8   [ RunTime:0.0000s ]
INFO: [ view_parse ] --START--
INFO: [ template_filter ] --START--
INFO: Run Behavior\ContentReplaceBehavior [ RunTime:0.000000s ]
INFO: [ template_filter ] --END-- [ RunTime:0.000000s ]
INFO: Run Behavior\ParseTemplateBehavior [ RunTime:0.035002s ]
INFO: [ view_parse ] --END-- [ RunTime:0.035002s ]
INFO: [ view_filter ] --START--
INFO: Run Behavior\WriteHtmlCacheBehavior [ RunTime:0.001000s ]
INFO: [ view_filter ] --END-- [ RunTime:0.001000s ]
INFO: [ app_end ] --START--
INFO: Run Behavior\ShowPageTraceBehavior [ RunTime:0.001000s ]
INFO: [ app_end ] --END-- [ RunTime:0.001000s ]

[ 2016-08-07T16:37:41+08:00 ] 127.0.0.1 /lyj/BookStore/web/index.php/Home/Index/index.html
INFO: [ app_init ] --START--
INFO: Run Behavior\BuildLiteBehavior [ RunTime:0.000000s ]
INFO: [ app_init ] --END-- [ RunTime:0.001000s ]
INFO: [ app_begin ] --START--
INFO: Run Behavior\ReadHtmlCacheBehavior [ RunTime:0.001000s ]
INFO: [ app_begin ] --END-- [ RunTime:0.001000s ]
SQL: SHOW COLUMNS FROM `bookstore_newbook_recommend` [ RunTime:0.0050s ]
SQL: SELECT * FROM `bookstore_newbook_recommend` LIMIT 4   [ RunTime:0.0000s ]
SQL: SHOW COLUMNS FROM `bookstore_newbook_rank` [ RunTime:0.0040s ]
SQL: SELECT * FROM `bookstore_newbook_rank` LIMIT 8   [ RunTime:0.0010s ]
SQL: SHOW COLUMNS FROM `bookstore_hotbook_recommend` [ RunTime:0.0040s ]
SQL: SELECT * FROM `bookstore_hotbook_recommend` LIMIT 4   [ RunTime:0.0000s ]
SQL: SHOW COLUMNS FROM `bookstore_hotbook_rank` [ RunTime:0.0040s ]
SQL: SELECT * FROM `bookstore_hotbook_rank` LIMIT 8   [ RunTime:0.0000s ]
INFO: [ view_parse ] --START--
INFO: [ template_filter ] --START--
INFO: Run Behavior\ContentReplaceBehavior [ RunTime:0.000000s ]
INFO: [ template_filter ] --END-- [ RunTime:0.001000s ]
INFO: Run Behavior\ParseTemplateBehavior [ RunTime:0.033001s ]
INFO: [ view_parse ] --END-- [ RunTime:0.033001s ]
INFO: [ view_filter ] --START--
INFO: Run Behavior\WriteHtmlCacheBehavior [ RunTime:0.001000s ]
INFO: [ view_filter ] --END-- [ RunTime:0.001000s ]
INFO: [ app_end ] --START--
INFO: Run Behavior\ShowPageTraceBehavior [ RunTime:0.001001s ]
INFO: [ app_end ] --END-- [ RunTime:0.001001s ]

[ 2016-08-07T16:37:43+08:00 ] 127.0.0.1 /lyj/BookStore/web/index.php/Home/Index/index.html
INFO: [ app_init ] --START--
INFO: Run Behavior\BuildLiteBehavior [ RunTime:0.000000s ]
INFO: [ app_init ] --END-- [ RunTime:0.000000s ]
INFO: [ app_begin ] --START--
INFO: Run Behavior\ReadHtmlCacheBehavior [ RunTime:0.001000s ]
INFO: [ app_begin ] --END-- [ RunTime:0.001000s ]
SQL: SHOW COLUMNS FROM `bookstore_newbook_recommend` [ RunTime:0.0040s ]
SQL: SELECT * FROM `bookstore_newbook_recommend` LIMIT 4   [ RunTime:0.0000s ]
SQL: SHOW COLUMNS FROM `bookstore_newbook_rank` [ RunTime:0.0040s ]
SQL: SELECT * FROM `bookstore_newbook_rank` LIMIT 8   [ RunTime:0.0010s ]
SQL: SHOW COLUMNS FROM `bookstore_hotbook_recommend` [ RunTime:0.0050s ]
SQL: SELECT * FROM `bookstore_hotbook_recommend` LIMIT 4   [ RunTime:0.0010s ]
SQL: SHOW COLUMNS FROM `bookstore_hotbook_rank` [ RunTime:0.0040s ]
SQL: SELECT * FROM `bookstore_hotbook_rank` LIMIT 8   [ RunTime:0.0000s ]
INFO: [ view_parse ] --START--
INFO: [ template_filter ] --START--
INFO: Run Behavior\ContentReplaceBehavior [ RunTime:0.000000s ]
INFO: [ template_filter ] --END-- [ RunTime:0.001000s ]
INFO: Run Behavior\ParseTemplateBehavior [ RunTime:0.030002s ]
INFO: [ view_parse ] --END-- [ RunTime:0.030002s ]
INFO: [ view_filter ] --START--
INFO: Run Behavior\WriteHtmlCacheBehavior [ RunTime:0.000000s ]
INFO: [ view_filter ] --END-- [ RunTime:0.001000s ]
INFO: [ app_end ] --START--
INFO: Run Behavior\ShowPageTraceBehavior [ RunTime:0.001000s ]
INFO: [ app_end ] --END-- [ RunTime:0.001000s ]

[ 2016-08-07T16:37:47+08:00 ] 127.0.0.1 /lyj/BookStore/web/index.php/Home/Index/index.html
INFO: [ app_init ] --START--
INFO: Run Behavior\BuildLiteBehavior [ RunTime:0.001000s ]
INFO: [ app_init ] --END-- [ RunTime:0.002000s ]
INFO: [ app_begin ] --START--
INFO: Run Behavior\ReadHtmlCacheBehavior [ RunTime:0.001001s ]
INFO: [ app_begin ] --END-- [ RunTime:0.001001s ]
SQL: SHOW COLUMNS FROM `bookstore_newbook_recommend` [ RunTime:0.0040s ]
SQL: SELECT * FROM `bookstore_newbook_recommend` LIMIT 4   [ RunTime:0.0010s ]
SQL: SHOW COLUMNS FROM `bookstore_newbook_rank` [ RunTime:0.0060s ]
SQL: SELECT * FROM `bookstore_newbook_rank` LIMIT 8   [ RunTime:0.0000s ]
SQL: SHOW COLUMNS FROM `bookstore_hotbook_recommend` [ RunTime:0.0050s ]
SQL: SELECT * FROM `bookstore_hotbook_recommend` LIMIT 4   [ RunTime:0.0000s ]
SQL: SHOW COLUMNS FROM `bookstore_hotbook_rank` [ RunTime:0.0050s ]
SQL: SELECT * FROM `bookstore_hotbook_rank` LIMIT 8   [ RunTime:0.0010s ]
INFO: [ view_parse ] --START--
INFO: [ template_filter ] --START--
INFO: Run Behavior\ContentReplaceBehavior [ RunTime:0.000000s ]
INFO: [ template_filter ] --END-- [ RunTime:0.001000s ]
INFO: Run Behavior\ParseTemplateBehavior [ RunTime:0.050003s ]
INFO: [ view_parse ] --END-- [ RunTime:0.051003s ]
INFO: [ view_filter ] --START--
INFO: Run Behavior\WriteHtmlCacheBehavior [ RunTime:0.001000s ]
INFO: [ view_filter ] --END-- [ RunTime:0.001000s ]
INFO: [ app_end ] --START--
INFO: Run Behavior\ShowPageTraceBehavior [ RunTime:0.001000s ]
INFO: [ app_end ] --END-- [ RunTime:0.001000s ]

[ 2016-08-07T16:38:06+08:00 ] 127.0.0.1 /lyj/BookStore/web/index.php/Home/Index/index.html
INFO: [ app_init ] --START--
INFO: Run Behavior\BuildLiteBehavior [ RunTime:0.000000s ]
INFO: [ app_init ] --END-- [ RunTime:0.001000s ]
INFO: [ app_begin ] --START--
INFO: Run Behavior\ReadHtmlCacheBehavior [ RunTime:0.001000s ]
INFO: [ app_begin ] --END-- [ RunTime:0.002000s ]
SQL: SHOW COLUMNS FROM `bookstore_newbook_recommend` [ RunTime:0.0090s ]
SQL: SELECT * FROM `bookstore_newbook_recommend` LIMIT 4   [ RunTime:0.0010s ]
SQL: SHOW COLUMNS FROM `bookstore_newbook_rank` [ RunTime:0.0040s ]
SQL: SELECT * FROM `bookstore_newbook_rank` LIMIT 8   [ RunTime:0.0000s ]
SQL: SHOW COLUMNS FROM `bookstore_hotbook_recommend` [ RunTime:0.0040s ]
SQL: SELECT * FROM `bookstore_hotbook_recommend` LIMIT 4   [ RunTime:0.0010s ]
SQL: SHOW COLUMNS FROM `bookstore_hotbook_rank` [ RunTime:0.0040s ]
SQL: SELECT * FROM `bookstore_hotbook_rank` LIMIT 8   [ RunTime:0.0000s ]
INFO: [ view_parse ] --START--
INFO: [ template_filter ] --START--
INFO: Run Behavior\ContentReplaceBehavior [ RunTime:0.001000s ]
INFO: [ template_filter ] --END-- [ RunTime:0.001000s ]
INFO: Run Behavior\ParseTemplateBehavior [ RunTime:0.031001s ]
INFO: [ view_parse ] --END-- [ RunTime:0.031001s ]
INFO: [ view_filter ] --START--
INFO: Run Behavior\WriteHtmlCacheBehavior [ RunTime:0.000000s ]
INFO: [ view_filter ] --END-- [ RunTime:0.001000s ]
INFO: [ app_end ] --START--
INFO: Run Behavior\ShowPageTraceBehavior [ RunTime:0.000000s ]
INFO: [ app_end ] --END-- [ RunTime:0.001000s ]

[ 2016-08-07T16:38:39+08:00 ] 127.0.0.1 /lyj/BookStore/web/index.php/Home/Index/index.html
INFO: [ app_init ] --START--
INFO: Run Behavior\BuildLiteBehavior [ RunTime:0.000000s ]
INFO: [ app_init ] --END-- [ RunTime:0.001000s ]
INFO: [ app_begin ] --START--
INFO: Run Behavior\ReadHtmlCacheBehavior [ RunTime:0.001000s ]
INFO: [ app_begin ] --END-- [ RunTime:0.002000s ]
SQL: SHOW COLUMNS FROM `bookstore_newbook_recommend` [ RunTime:0.0060s ]
SQL: SELECT * FROM `bookstore_newbook_recommend` LIMIT 4   [ RunTime:0.0010s ]
SQL: SHOW COLUMNS FROM `bookstore_newbook_rank` [ RunTime:0.0030s ]
SQL: SELECT * FROM `bookstore_newbook_rank` LIMIT 8   [ RunTime:0.0000s ]
SQL: SHOW COLUMNS FROM `bookstore_hotbook_recommend` [ RunTime:0.0040s ]
SQL: SELECT * FROM `bookstore_hotbook_recommend` LIMIT 4   [ RunTime:0.0010s ]
SQL: SHOW COLUMNS FROM `bookstore_hotbook_rank` [ RunTime:0.0040s ]
SQL: SELECT * FROM `bookstore_hotbook_rank` LIMIT 8   [ RunTime:0.0000s ]
INFO: [ view_parse ] --START--
INFO: [ template_filter ] --START--
INFO: Run Behavior\ContentReplaceBehavior [ RunTime:0.000000s ]
INFO: [ template_filter ] --END-- [ RunTime:0.001001s ]
INFO: Run Behavior\ParseTemplateBehavior [ RunTime:0.033002s ]
INFO: [ view_parse ] --END-- [ RunTime:0.033002s ]
INFO: [ view_filter ] --START--
INFO: Run Behavior\WriteHtmlCacheBehavior [ RunTime:0.000000s ]
INFO: [ view_filter ] --END-- [ RunTime:0.001000s ]
INFO: [ app_end ] --START--
INFO: Run Behavior\ShowPageTraceBehavior [ RunTime:0.001000s ]
INFO: [ app_end ] --END-- [ RunTime:0.001000s ]

[ 2016-08-07T16:39:27+08:00 ] 127.0.0.1 /lyj/BookStore/web/index.php/Home/Index/index.html
INFO: [ app_init ] --START--
INFO: Run Behavior\BuildLiteBehavior [ RunTime:0.001000s ]
INFO: [ app_init ] --END-- [ RunTime:0.001000s ]
INFO: [ app_begin ] --START--
INFO: Run Behavior\ReadHtmlCacheBehavior [ RunTime:0.002000s ]
INFO: [ app_begin ] --END-- [ RunTime:0.002000s ]
SQL: SHOW COLUMNS FROM `bookstore_newbook_recommend` [ RunTime:0.0050s ]
SQL: SELECT * FROM `bookstore_newbook_recommend` LIMIT 4   [ RunTime:0.0010s ]
SQL: SHOW COLUMNS FROM `bookstore_newbook_rank` [ RunTime:0.0050s ]
SQL: SELECT * FROM `bookstore_newbook_rank` LIMIT 8   [ RunTime:0.0010s ]
SQL: SHOW COLUMNS FROM `bookstore_hotbook_recommend` [ RunTime:0.0040s ]
SQL: SELECT * FROM `bookstore_hotbook_recommend` LIMIT 4   [ RunTime:0.0010s ]
SQL: SHOW COLUMNS FROM `bookstore_hotbook_rank` [ RunTime:0.0050s ]
SQL: SELECT * FROM `bookstore_hotbook_rank` LIMIT 8   [ RunTime:0.0000s ]
INFO: [ view_parse ] --START--
INFO: [ template_filter ] --START--
INFO: Run Behavior\ContentReplaceBehavior [ RunTime:0.001000s ]
INFO: [ template_filter ] --END-- [ RunTime:0.001000s ]
INFO: Run Behavior\ParseTemplateBehavior [ RunTime:0.035002s ]
INFO: [ view_parse ] --END-- [ RunTime:0.035002s ]
INFO: [ view_filter ] --START--
INFO: Run Behavior\WriteHtmlCacheBehavior [ RunTime:0.001000s ]
INFO: [ view_filter ] --END-- [ RunTime:0.001000s ]
INFO: [ app_end ] --START--
INFO: Run Behavior\ShowPageTraceBehavior [ RunTime:0.001000s ]
INFO: [ app_end ] --END-- [ RunTime:0.001000s ]

[ 2016-08-07T16:40:17+08:00 ] 127.0.0.1 /lyj/BookStore/web/index.php/Home/Index/index.html
INFO: [ app_init ] --START--
INFO: Run Behavior\BuildLiteBehavior [ RunTime:0.000000s ]
INFO: [ app_init ] --END-- [ RunTime:0.001000s ]
INFO: [ app_begin ] --START--
INFO: Run Behavior\ReadHtmlCacheBehavior [ RunTime:0.001000s ]
INFO: [ app_begin ] --END-- [ RunTime:0.001000s ]
SQL: SHOW COLUMNS FROM `bookstore_newbook_recommend` [ RunTime:0.0040s ]
SQL: SELECT * FROM `bookstore_newbook_recommend` LIMIT 4   [ RunTime:0.0010s ]
SQL: SHOW COLUMNS FROM `bookstore_newbook_rank` [ RunTime:0.0040s ]
SQL: SELECT * FROM `bookstore_newbook_rank` LIMIT 8   [ RunTime:0.0010s ]
SQL: SHOW COLUMNS FROM `bookstore_hotbook_recommend` [ RunTime:0.0050s ]
SQL: SELECT * FROM `bookstore_hotbook_recommend` LIMIT 4   [ RunTime:0.0000s ]
SQL: SHOW COLUMNS FROM `bookstore_hotbook_rank` [ RunTime:0.0040s ]
SQL: SELECT * FROM `bookstore_hotbook_rank` LIMIT 8   [ RunTime:0.0000s ]
INFO: [ view_parse ] --START--
INFO: [ template_filter ] --START--
INFO: Run Behavior\ContentReplaceBehavior [ RunTime:0.000000s ]
INFO: [ template_filter ] --END-- [ RunTime:0.000000s ]
INFO: Run Behavior\ParseTemplateBehavior [ RunTime:0.031002s ]
INFO: [ view_parse ] --END-- [ RunTime:0.031002s ]
INFO: [ view_filter ] --START--
INFO: Run Behavior\WriteHtmlCacheBehavior [ RunTime:0.000000s ]
INFO: [ view_filter ] --END-- [ RunTime:0.000000s ]
INFO: [ app_end ] --START--
INFO: Run Behavior\ShowPageTraceBehavior [ RunTime:0.000000s ]
INFO: [ app_end ] --END-- [ RunTime:0.000000s ]

[ 2016-08-07T16:40:22+08:00 ] 127.0.0.1 /lyj/BookStore/web/index.php/Home/Index/index.html
INFO: [ app_init ] --START--
INFO: Run Behavior\BuildLiteBehavior [ RunTime:0.000000s ]
INFO: [ app_init ] --END-- [ RunTime:0.002000s ]
INFO: [ app_begin ] --START--
INFO: Run Behavior\ReadHtmlCacheBehavior [ RunTime:0.005001s ]
INFO: [ app_begin ] --END-- [ RunTime:0.005001s ]
SQL: SHOW COLUMNS FROM `bookstore_newbook_recommend` [ RunTime:0.0080s ]
SQL: SELECT * FROM `bookstore_newbook_recommend` LIMIT 4   [ RunTime:0.0000s ]
SQL: SHOW COLUMNS FROM `bookstore_newbook_rank` [ RunTime:0.0030s ]
SQL: SELECT * FROM `bookstore_newbook_rank` LIMIT 8   [ RunTime:0.0000s ]
SQL: SHOW COLUMNS FROM `bookstore_hotbook_recommend` [ RunTime:0.0050s ]
SQL: SELECT * FROM `bookstore_hotbook_recommend` LIMIT 4   [ RunTime:0.0000s ]
SQL: SHOW COLUMNS FROM `bookstore_hotbook_rank` [ RunTime:0.0040s ]
SQL: SELECT * FROM `bookstore_hotbook_rank` LIMIT 8   [ RunTime:0.0010s ]
INFO: [ view_parse ] --START--
INFO: [ template_filter ] --START--
INFO: Run Behavior\ContentReplaceBehavior [ RunTime:0.000000s ]
INFO: [ template_filter ] --END-- [ RunTime:0.000000s ]
INFO: Run Behavior\ParseTemplateBehavior [ RunTime:0.031002s ]
INFO: [ view_parse ] --END-- [ RunTime:0.032002s ]
INFO: [ view_filter ] --START--
INFO: Run Behavior\WriteHtmlCacheBehavior [ RunTime:0.001000s ]
INFO: [ view_filter ] --END-- [ RunTime:0.001000s ]
INFO: [ app_end ] --START--
INFO: Run Behavior\ShowPageTraceBehavior [ RunTime:0.001000s ]
INFO: [ app_end ] --END-- [ RunTime:0.001000s ]

[ 2016-08-07T16:41:26+08:00 ] 127.0.0.1 /lyj/BookStore/web/index.php/Home/Index/index.html
INFO: [ app_init ] --START--
INFO: Run Behavior\BuildLiteBehavior [ RunTime:0.000000s ]
INFO: [ app_init ] --END-- [ RunTime:0.001000s ]
INFO: [ app_begin ] --START--
INFO: Run Behavior\ReadHtmlCacheBehavior [ RunTime:0.001000s ]
INFO: [ app_begin ] --END-- [ RunTime:0.002000s ]
SQL: SHOW COLUMNS FROM `bookstore_newbook_recommend` [ RunTime:0.0070s ]
SQL: SELECT * FROM `bookstore_newbook_recommend` LIMIT 4   [ RunTime:0.0000s ]
SQL: SHOW COLUMNS FROM `bookstore_newbook_rank` [ RunTime:0.0040s ]
SQL: SELECT * FROM `bookstore_newbook_rank` LIMIT 8   [ RunTime:0.0010s ]
SQL: SHOW COLUMNS FROM `bookstore_hotbook_recommend` [ RunTime:0.0040s ]
SQL: SELECT * FROM `bookstore_hotbook_recommend` LIMIT 4   [ RunTime:0.0010s ]
SQL: SHOW COLUMNS FROM `bookstore_hotbook_rank` [ RunTime:0.0030s ]
SQL: SELECT * FROM `bookstore_hotbook_rank` LIMIT 8   [ RunTime:0.0000s ]
INFO: [ view_parse ] --START--
INFO: [ template_filter ] --START--
INFO: Run Behavior\ContentReplaceBehavior [ RunTime:0.000000s ]
INFO: [ template_filter ] --END-- [ RunTime:0.000000s ]
INFO: Run Behavior\ParseTemplateBehavior [ RunTime:0.037002s ]
INFO: [ view_parse ] --END-- [ RunTime:0.037002s ]
INFO: [ view_filter ] --START--
INFO: Run Behavior\WriteHtmlCacheBehavior [ RunTime:0.001000s ]
INFO: [ view_filter ] --END-- [ RunTime:0.001000s ]
INFO: [ app_end ] --START--
INFO: Run Behavior\ShowPageTraceBehavior [ RunTime:0.000000s ]
INFO: [ app_end ] --END-- [ RunTime:0.001000s ]

[ 2016-08-07T16:42:41+08:00 ] 127.0.0.1 /lyj/BookStore/web/index.php/Home/Index/index.html
INFO: [ app_init ] --START--
INFO: Run Behavior\BuildLiteBehavior [ RunTime:0.000000s ]
INFO: [ app_init ] --END-- [ RunTime:0.000000s ]
INFO: [ app_begin ] --START--
INFO: Run Behavior\ReadHtmlCacheBehavior [ RunTime:0.001000s ]
INFO: [ app_begin ] --END-- [ RunTime:0.001000s ]
SQL: SHOW COLUMNS FROM `bookstore_newbook_recommend` [ RunTime:0.0050s ]
SQL: SELECT * FROM `bookstore_newbook_recommend` LIMIT 4   [ RunTime:0.0010s ]
SQL: SHOW COLUMNS FROM `bookstore_newbook_rank` [ RunTime:0.0040s ]
SQL: SELECT * FROM `bookstore_newbook_rank` LIMIT 8   [ RunTime:0.0010s ]
SQL: SHOW COLUMNS FROM `bookstore_hotbook_recommend` [ RunTime:0.0040s ]
SQL: SELECT * FROM `bookstore_hotbook_recommend` LIMIT 4   [ RunTime:0.0010s ]
SQL: SHOW COLUMNS FROM `bookstore_hotbook_rank` [ RunTime:0.0040s ]
SQL: SELECT * FROM `bookstore_hotbook_rank` LIMIT 8   [ RunTime:0.0000s ]
INFO: [ view_parse ] --START--
INFO: [ template_filter ] --START--
INFO: Run Behavior\ContentReplaceBehavior [ RunTime:0.000000s ]
INFO: [ template_filter ] --END-- [ RunTime:0.000000s ]
INFO: Run Behavior\ParseTemplateBehavior [ RunTime:0.033001s ]
INFO: [ view_parse ] --END-- [ RunTime:0.033001s ]
INFO: [ view_filter ] --START--
INFO: Run Behavior\WriteHtmlCacheBehavior [ RunTime:0.001000s ]
INFO: [ view_filter ] --END-- [ RunTime:0.001000s ]
INFO: [ app_end ] --START--
INFO: Run Behavior\ShowPageTraceBehavior [ RunTime:0.000000s ]
INFO: [ app_end ] --END-- [ RunTime:0.000000s ]

[ 2016-08-07T16:42:44+08:00 ] 127.0.0.1 /lyj/BookStore/web/index.php/Home/Index/index.html
INFO: [ app_init ] --START--
INFO: Run Behavior\BuildLiteBehavior [ RunTime:0.000000s ]
INFO: [ app_init ] --END-- [ RunTime:0.001000s ]
INFO: [ app_begin ] --START--
INFO: Run Behavior\ReadHtmlCacheBehavior [ RunTime:0.001000s ]
INFO: [ app_begin ] --END-- [ RunTime:0.002000s ]
SQL: SHOW COLUMNS FROM `bookstore_newbook_recommend` [ RunTime:0.0070s ]
SQL: SELECT * FROM `bookstore_newbook_recommend` LIMIT 4   [ RunTime:0.0010s ]
SQL: SHOW COLUMNS FROM `bookstore_newbook_rank` [ RunTime:0.0050s ]
SQL: SELECT * FROM `bookstore_newbook_rank` LIMIT 8   [ RunTime:0.0000s ]
SQL: SHOW COLUMNS FROM `bookstore_hotbook_recommend` [ RunTime:0.0080s ]
SQL: SELECT * FROM `bookstore_hotbook_recommend` LIMIT 4   [ RunTime:0.0040s ]
SQL: SHOW COLUMNS FROM `bookstore_hotbook_rank` [ RunTime:0.0040s ]
SQL: SELECT * FROM `bookstore_hotbook_rank` LIMIT 8   [ RunTime:0.0050s ]
INFO: [ view_parse ] --START--
INFO: [ template_filter ] --START--
INFO: Run Behavior\ContentReplaceBehavior [ RunTime:0.001000s ]
INFO: [ template_filter ] --END-- [ RunTime:0.001000s ]
INFO: Run Behavior\ParseTemplateBehavior [ RunTime:0.058003s ]
INFO: [ view_parse ] --END-- [ RunTime:0.058003s ]
INFO: [ view_filter ] --START--
INFO: Run Behavior\WriteHtmlCacheBehavior [ RunTime:0.001000s ]
INFO: [ view_filter ] --END-- [ RunTime:0.001000s ]
INFO: [ app_end ] --START--
INFO: Run Behavior\ShowPageTraceBehavior [ RunTime:0.001000s ]
INFO: [ app_end ] --END-- [ RunTime:0.002000s ]

[ 2016-08-07T16:42:50+08:00 ] 127.0.0.1 /lyj/BookStore/web/index.php/Home/Index/index.html
INFO: [ app_init ] --START--
INFO: Run Behavior\BuildLiteBehavior [ RunTime:0.000000s ]
INFO: [ app_init ] --END-- [ RunTime:0.001000s ]
INFO: [ app_begin ] --START--
INFO: Run Behavior\ReadHtmlCacheBehavior [ RunTime:0.001000s ]
INFO: [ app_begin ] --END-- [ RunTime:0.001000s ]
SQL: SHOW COLUMNS FROM `bookstore_newbook_recommend` [ RunTime:0.0030s ]
SQL: SELECT * FROM `bookstore_newbook_recommend` LIMIT 4   [ RunTime:0.0000s ]
SQL: SHOW COLUMNS FROM `bookstore_newbook_rank` [ RunTime:0.0040s ]
SQL: SELECT * FROM `bookstore_newbook_rank` LIMIT 8   [ RunTime:0.0010s ]
SQL: SHOW COLUMNS FROM `bookstore_hotbook_recommend` [ RunTime:0.0060s ]
SQL: SELECT * FROM `bookstore_hotbook_recommend` LIMIT 4   [ RunTime:0.0000s ]
SQL: SHOW COLUMNS FROM `bookstore_hotbook_rank` [ RunTime:0.0050s ]
SQL: SELECT * FROM `bookstore_hotbook_rank` LIMIT 8   [ RunTime:0.0000s ]
INFO: [ view_parse ] --START--
INFO: [ template_filter ] --START--
INFO: Run Behavior\ContentReplaceBehavior [ RunTime:0.000000s ]
INFO: [ template_filter ] --END-- [ RunTime:0.001000s ]
INFO: Run Behavior\ParseTemplateBehavior [ RunTime:0.029001s ]
INFO: [ view_parse ] --END-- [ RunTime:0.029001s ]
INFO: [ view_filter ] --START--
INFO: Run Behavior\WriteHtmlCacheBehavior [ RunTime:0.001000s ]
INFO: [ view_filter ] --END-- [ RunTime:0.001000s ]
INFO: [ app_end ] --START--
INFO: Run Behavior\ShowPageTraceBehavior [ RunTime:0.001000s ]
INFO: [ app_end ] --END-- [ RunTime:0.001000s ]

[ 2016-08-07T16:43:13+08:00 ] 127.0.0.1 /lyj/BookStore/web/index.php/Home/Index/index.html
INFO: [ app_init ] --START--
INFO: Run Behavior\BuildLiteBehavior [ RunTime:0.000000s ]
INFO: [ app_init ] --END-- [ RunTime:0.001000s ]
INFO: [ app_begin ] --START--
INFO: Run Behavior\ReadHtmlCacheBehavior [ RunTime:0.001000s ]
INFO: [ app_begin ] --END-- [ RunTime:0.001000s ]
SQL: SHOW COLUMNS FROM `bookstore_newbook_recommend` [ RunTime:0.0060s ]
SQL: SELECT * FROM `bookstore_newbook_recommend` LIMIT 4   [ RunTime:0.0000s ]
SQL: SHOW COLUMNS FROM `bookstore_newbook_rank` [ RunTime:0.0040s ]
SQL: SELECT * FROM `bookstore_newbook_rank` LIMIT 8   [ RunTime:0.0020s ]
SQL: SHOW COLUMNS FROM `bookstore_hotbook_recommend` [ RunTime:0.0040s ]
SQL: SELECT * FROM `bookstore_hotbook_recommend` LIMIT 4   [ RunTime:0.0000s ]
SQL: SHOW COLUMNS FROM `bookstore_hotbook_rank` [ RunTime:0.0050s ]
SQL: SELECT * FROM `bookstore_hotbook_rank` LIMIT 8   [ RunTime:0.0000s ]
INFO: [ view_parse ] --START--
INFO: [ template_filter ] --START--
INFO: Run Behavior\ContentReplaceBehavior [ RunTime:0.000000s ]
INFO: [ template_filter ] --END-- [ RunTime:0.000000s ]
INFO: Run Behavior\ParseTemplateBehavior [ RunTime:0.029002s ]
INFO: [ view_parse ] --END-- [ RunTime:0.029002s ]
INFO: [ view_filter ] --START--
INFO: Run Behavior\WriteHtmlCacheBehavior [ RunTime:0.001000s ]
INFO: [ view_filter ] --END-- [ RunTime:0.001000s ]
INFO: [ app_end ] --START--
INFO: Run Behavior\ShowPageTraceBehavior [ RunTime:0.001000s ]
INFO: [ app_end ] --END-- [ RunTime:0.001000s ]

[ 2016-08-07T16:44:17+08:00 ] 127.0.0.1 /lyj/BookStore/web/index.php/Home/Index/index.html
INFO: [ app_init ] --START--
INFO: Run Behavior\BuildLiteBehavior [ RunTime:0.000000s ]
INFO: [ app_init ] --END-- [ RunTime:0.002000s ]
INFO: [ app_begin ] --START--
INFO: Run Behavior\ReadHtmlCacheBehavior [ RunTime:0.001000s ]
INFO: [ app_begin ] --END-- [ RunTime:0.002001s ]
SQL: SHOW COLUMNS FROM `bookstore_newbook_recommend` [ RunTime:0.0050s ]
SQL: SELECT * FROM `bookstore_newbook_recommend` LIMIT 4   [ RunTime:0.0010s ]
SQL: SHOW COLUMNS FROM `bookstore_newbook_rank` [ RunTime:0.0050s ]
SQL: SELECT * FROM `bookstore_newbook_rank` LIMIT 8   [ RunTime:0.0010s ]
SQL: SHOW COLUMNS FROM `bookstore_hotbook_recommend` [ RunTime:0.0100s ]
SQL: SELECT * FROM `bookstore_hotbook_recommend` LIMIT 4   [ RunTime:0.0000s ]
SQL: SHOW COLUMNS FROM `bookstore_hotbook_rank` [ RunTime:0.0040s ]
SQL: SELECT * FROM `bookstore_hotbook_rank` LIMIT 8   [ RunTime:0.0000s ]
INFO: [ view_parse ] --START--
INFO: [ template_filter ] --START--
INFO: Run Behavior\ContentReplaceBehavior [ RunTime:0.000000s ]
INFO: [ template_filter ] --END-- [ RunTime:0.003000s ]
INFO: Run Behavior\ParseTemplateBehavior [ RunTime:0.047003s ]
INFO: [ view_parse ] --END-- [ RunTime:0.047003s ]
INFO: [ view_filter ] --START--
INFO: Run Behavior\WriteHtmlCacheBehavior [ RunTime:0.003000s ]
INFO: [ view_filter ] --END-- [ RunTime:0.003000s ]
INFO: [ app_end ] --START--
INFO: Run Behavior\ShowPageTraceBehavior [ RunTime:0.002000s ]
INFO: [ app_end ] --END-- [ RunTime:0.003000s ]

[ 2016-08-07T16:44:24+08:00 ] 127.0.0.1 /lyj/BookStore/web/index.php/Home/Index/index.html
INFO: [ app_init ] --START--
INFO: Run Behavior\BuildLiteBehavior [ RunTime:0.000000s ]
INFO: [ app_init ] --END-- [ RunTime:0.001000s ]
INFO: [ app_begin ] --START--
INFO: Run Behavior\ReadHtmlCacheBehavior [ RunTime:0.000000s ]
INFO: [ app_begin ] --END-- [ RunTime:0.001001s ]
SQL: SHOW COLUMNS FROM `bookstore_newbook_recommend` [ RunTime:0.0030s ]
SQL: SELECT * FROM `bookstore_newbook_recommend` LIMIT 4   [ RunTime:0.0000s ]
SQL: SHOW COLUMNS FROM `bookstore_newbook_rank` [ RunTime:0.0070s ]
SQL: SELECT * FROM `bookstore_newbook_rank` LIMIT 8   [ RunTime:0.0010s ]
SQL: SHOW COLUMNS FROM `bookstore_hotbook_recommend` [ RunTime:0.0040s ]
SQL: SELECT * FROM `bookstore_hotbook_recommend` LIMIT 4   [ RunTime:0.0010s ]
SQL: SHOW COLUMNS FROM `bookstore_hotbook_rank` [ RunTime:0.0050s ]
SQL: SELECT * FROM `bookstore_hotbook_rank` LIMIT 8   [ RunTime:0.0010s ]
INFO: [ view_parse ] --START--
INFO: [ template_filter ] --START--
INFO: Run Behavior\ContentReplaceBehavior [ RunTime:0.000000s ]
INFO: [ template_filter ] --END-- [ RunTime:0.001000s ]
INFO: Run Behavior\ParseTemplateBehavior [ RunTime:0.041002s ]
INFO: [ view_parse ] --END-- [ RunTime:0.041002s ]
INFO: [ view_filter ] --START--
INFO: Run Behavior\WriteHtmlCacheBehavior [ RunTime:0.000000s ]
INFO: [ view_filter ] --END-- [ RunTime:0.001000s ]
INFO: [ app_end ] --START--
INFO: Run Behavior\ShowPageTraceBehavior [ RunTime:0.001000s ]
INFO: [ app_end ] --END-- [ RunTime:0.001000s ]

[ 2016-08-07T16:44:39+08:00 ] 127.0.0.1 /lyj/BookStore/web/index.php/Home/Login/index.html
INFO: [ app_init ] --START--
INFO: Run Behavior\BuildLiteBehavior [ RunTime:0.000000s ]
INFO: [ app_init ] --END-- [ RunTime:0.001000s ]
INFO: [ app_begin ] --START--
INFO: Run Behavior\ReadHtmlCacheBehavior [ RunTime:0.001000s ]
INFO: [ app_begin ] --END-- [ RunTime:0.001000s ]
INFO: [ view_parse ] --START--
INFO: [ template_filter ] --START--
INFO: Run Behavior\ContentReplaceBehavior [ RunTime:0.000000s ]
INFO: [ template_filter ] --END-- [ RunTime:0.001000s ]
INFO: Run Behavior\ParseTemplateBehavior [ RunTime:0.033002s ]
INFO: [ view_parse ] --END-- [ RunTime:0.034002s ]
INFO: [ view_filter ] --START--
INFO: Run Behavior\WriteHtmlCacheBehavior [ RunTime:0.000000s ]
INFO: [ view_filter ] --END-- [ RunTime:0.000000s ]
INFO: [ app_end ] --START--
INFO: Run Behavior\ShowPageTraceBehavior [ RunTime:0.002000s ]
INFO: [ app_end ] --END-- [ RunTime:0.002000s ]

[ 2016-08-07T16:44:44+08:00 ] 127.0.0.1 /lyj/BookStore/web/index.php/Home/Login/checklogin
INFO: [ app_init ] --START--
INFO: Run Behavior\BuildLiteBehavior [ RunTime:0.000000s ]
INFO: [ app_init ] --END-- [ RunTime:0.001000s ]
INFO: [ app_begin ] --START--
INFO: Run Behavior\ReadHtmlCacheBehavior [ RunTime:0.002000s ]
INFO: [ app_begin ] --END-- [ RunTime:0.002000s ]
SQL: SHOW COLUMNS FROM `bookstore_user` [ RunTime:0.0950s ]
SQL: SELECT * FROM `bookstore_user` WHERE ( account='lyj1' ) LIMIT 1   [ RunTime:0.0010s ]
SQL: SELECT * FROM `bookstore_user` WHERE ( account='lyj1' AND passwd=SHA1('1234') ) LIMIT 1   [ RunTime:0.0160s ]

[ 2016-08-07T16:44:44+08:00 ] 127.0.0.1 /lyj/BookStore/web/index.php/Home/Login/loggedin.html
INFO: [ app_init ] --START--
INFO: Run Behavior\BuildLiteBehavior [ RunTime:0.000000s ]
INFO: [ app_init ] --END-- [ RunTime:0.001000s ]
INFO: [ app_begin ] --START--
INFO: Run Behavior\ReadHtmlCacheBehavior [ RunTime:0.001000s ]
INFO: [ app_begin ] --END-- [ RunTime:0.001000s ]
INFO: [ view_parse ] --START--
INFO: [ template_filter ] --START--
INFO: Run Behavior\ContentReplaceBehavior [ RunTime:0.000000s ]
INFO: [ template_filter ] --END-- [ RunTime:0.001000s ]
INFO: Run Behavior\ParseTemplateBehavior [ RunTime:0.037003s ]
INFO: [ view_parse ] --END-- [ RunTime:0.037003s ]
INFO: [ view_filter ] --START--
INFO: Run Behavior\WriteHtmlCacheBehavior [ RunTime:0.001000s ]
INFO: [ view_filter ] --END-- [ RunTime:0.001000s ]
INFO: [ app_end ] --START--
INFO: Run Behavior\ShowPageTraceBehavior [ RunTime:0.000000s ]
INFO: [ app_end ] --END-- [ RunTime:0.001000s ]

[ 2016-08-07T16:44:46+08:00 ] 127.0.0.1 /lyj/BookStore/web/index.php/Home/Index/index.html
INFO: [ app_init ] --START--
INFO: Run Behavior\BuildLiteBehavior [ RunTime:0.000000s ]
INFO: [ app_init ] --END-- [ RunTime:0.000000s ]
INFO: [ app_begin ] --START--
INFO: Run Behavior\ReadHtmlCacheBehavior [ RunTime:0.000000s ]
INFO: [ app_begin ] --END-- [ RunTime:0.000000s ]
SQL: SHOW COLUMNS FROM `bookstore_newbook_recommend` [ RunTime:0.0040s ]
SQL: SELECT * FROM `bookstore_newbook_recommend` LIMIT 4   [ RunTime:0.0000s ]
SQL: SHOW COLUMNS FROM `bookstore_newbook_rank` [ RunTime:0.0080s ]
SQL: SELECT * FROM `bookstore_newbook_rank` LIMIT 8   [ RunTime:0.0010s ]
SQL: SHOW COLUMNS FROM `bookstore_hotbook_recommend` [ RunTime:0.0050s ]
SQL: SELECT * FROM `bookstore_hotbook_recommend` LIMIT 4   [ RunTime:0.0010s ]
SQL: SHOW COLUMNS FROM `bookstore_hotbook_rank` [ RunTime:0.0060s ]
SQL: SELECT * FROM `bookstore_hotbook_rank` LIMIT 8   [ RunTime:0.0010s ]
INFO: [ view_parse ] --START--
INFO: [ template_filter ] --START--
INFO: Run Behavior\ContentReplaceBehavior [ RunTime:0.001000s ]
INFO: [ template_filter ] --END-- [ RunTime:0.001000s ]
INFO: Run Behavior\ParseTemplateBehavior [ RunTime:0.048003s ]
INFO: [ view_parse ] --END-- [ RunTime:0.049003s ]
INFO: [ view_filter ] --START--
INFO: Run Behavior\WriteHtmlCacheBehavior [ RunTime:0.001000s ]
INFO: [ view_filter ] --END-- [ RunTime:0.002000s ]
INFO: [ app_end ] --START--
INFO: Run Behavior\ShowPageTraceBehavior [ RunTime:0.002000s ]
INFO: [ app_end ] --END-- [ RunTime:0.002000s ]

[ 2016-08-07T16:46:47+08:00 ] 127.0.0.1 /lyj/BookStore/web/index.php/Home/Index/Application/Home/View/books/01.html
INFO: [ app_init ] --START--
INFO: Run Behavior\BuildLiteBehavior [ RunTime:0.000000s ]
INFO: [ app_init ] --END-- [ RunTime:0.000000s ]
INFO: [ app_begin ] --START--
INFO: Run Behavior\ReadHtmlCacheBehavior [ RunTime:0.001000s ]
INFO: [ app_begin ] --END-- [ RunTime:0.001000s ]
ERR: 非法操作:Application

[ 2016-08-07T16:58:04+08:00 ] 127.0.0.1 /lyj/BookStore/web/index.php/Home/Index/index.html
INFO: [ app_init ] --START--
INFO: Run Behavior\BuildLiteBehavior [ RunTime:0.000000s ]
INFO: [ app_init ] --END-- [ RunTime:0.001000s ]
INFO: [ app_begin ] --START--
INFO: Run Behavior\ReadHtmlCacheBehavior [ RunTime:0.000000s ]
INFO: [ app_begin ] --END-- [ RunTime:0.002000s ]
SQL: SHOW COLUMNS FROM `bookstore_newbook_recommend` [ RunTime:0.0030s ]
SQL: SELECT * FROM `bookstore_newbook_recommend` LIMIT 4   [ RunTime:0.0010s ]
SQL: SHOW COLUMNS FROM `bookstore_newbook_rank` [ RunTime:0.0050s ]
SQL: SELECT * FROM `bookstore_newbook_rank` LIMIT 8   [ RunTime:0.0010s ]
SQL: SHOW COLUMNS FROM `bookstore_hotbook_recommend` [ RunTime:0.0040s ]
SQL: SELECT * FROM `bookstore_hotbook_recommend` LIMIT 4   [ RunTime:0.0000s ]
SQL: SHOW COLUMNS FROM `bookstore_hotbook_rank` [ RunTime:0.0030s ]
SQL: SELECT * FROM `bookstore_hotbook_rank` LIMIT 8   [ RunTime:0.0010s ]
INFO: [ view_parse ] --START--
INFO: [ template_filter ] --START--
INFO: Run Behavior\ContentReplaceBehavior [ RunTime:0.000000s ]
INFO: [ template_filter ] --END-- [ RunTime:0.001000s ]
INFO: Run Behavior\ParseTemplateBehavior [ RunTime:0.030001s ]
INFO: [ view_parse ] --END-- [ RunTime:0.030001s ]
INFO: [ view_filter ] --START--
INFO: Run Behavior\WriteHtmlCacheBehavior [ RunTime:0.000000s ]
INFO: [ view_filter ] --END-- [ RunTime:0.000000s ]
INFO: [ app_end ] --START--
INFO: Run Behavior\ShowPageTraceBehavior [ RunTime:0.001001s ]
INFO: [ app_end ] --END-- [ RunTime:0.001001s ]

[ 2016-08-07T16:58:34+08:00 ] 127.0.0.1 /lyj/BookStore/web/index.php/Home/Index/index.html
INFO: [ app_init ] --START--
INFO: Run Behavior\BuildLiteBehavior [ RunTime:0.000000s ]
INFO: [ app_init ] --END-- [ RunTime:0.001000s ]
INFO: [ app_begin ] --START--
INFO: Run Behavior\ReadHtmlCacheBehavior [ RunTime:0.001000s ]
INFO: [ app_begin ] --END-- [ RunTime:0.001000s ]
SQL: SHOW COLUMNS FROM `bookstore_newbook_recommend` [ RunTime:0.0040s ]
SQL: SELECT * FROM `bookstore_newbook_recommend` LIMIT 4   [ RunTime:0.0000s ]
SQL: SHOW COLUMNS FROM `bookstore_newbook_rank` [ RunTime:0.0040s ]
SQL: SELECT * FROM `bookstore_newbook_rank` LIMIT 8   [ RunTime:0.0000s ]
SQL: SHOW COLUMNS FROM `bookstore_hotbook_recommend` [ RunTime:0.0060s ]
SQL: SELECT * FROM `bookstore_hotbook_recommend` LIMIT 4   [ RunTime:0.0010s ]
SQL: SHOW COLUMNS FROM `bookstore_hotbook_rank` [ RunTime:0.0040s ]
SQL: SELECT * FROM `bookstore_hotbook_rank` LIMIT 8   [ RunTime:0.0000s ]
INFO: [ view_parse ] --START--
INFO: [ template_filter ] --START--
INFO: Run Behavior\ContentReplaceBehavior [ RunTime:0.001000s ]
INFO: [ template_filter ] --END-- [ RunTime:0.001000s ]
INFO: Run Behavior\ParseTemplateBehavior [ RunTime:0.031002s ]
INFO: [ view_parse ] --END-- [ RunTime:0.031002s ]
INFO: [ view_filter ] --START--
INFO: Run Behavior\WriteHtmlCacheBehavior [ RunTime:0.000000s ]
INFO: [ view_filter ] --END-- [ RunTime:0.001000s ]
INFO: [ app_end ] --START--
INFO: Run Behavior\ShowPageTraceBehavior [ RunTime:0.001000s ]
INFO: [ app_end ] --END-- [ RunTime:0.001000s ]

[ 2016-08-07T16:58:36+08:00 ] 127.0.0.1 /lyj/BookStore/web/index.php/Home/Index/Application/Home/View/books/01.html
INFO: [ app_init ] --START--
INFO: Run Behavior\BuildLiteBehavior [ RunTime:0.000000s ]
INFO: [ app_init ] --END-- [ RunTime:0.001000s ]
INFO: [ app_begin ] --START--
INFO: Run Behavior\ReadHtmlCacheBehavior [ RunTime:0.001000s ]
INFO: [ app_begin ] --END-- [ RunTime:0.001000s ]
ERR: 非法操作:Application

[ 2016-08-07T17:00:24+08:00 ] 127.0.0.1 /lyj/BookStore/web/index.php/Home/Index/index.html
INFO: [ app_init ] --START--
INFO: Run Behavior\BuildLiteBehavior [ RunTime:0.000000s ]
INFO: [ app_init ] --END-- [ RunTime:0.001000s ]
INFO: [ app_begin ] --START--
INFO: Run Behavior\ReadHtmlCacheBehavior [ RunTime:0.002000s ]
INFO: [ app_begin ] --END-- [ RunTime:0.002000s ]
SQL: SHOW COLUMNS FROM `bookstore_newbook_recommend` [ RunTime:0.0070s ]
SQL: SELECT * FROM `bookstore_newbook_recommend` LIMIT 4   [ RunTime:0.0000s ]
SQL: SHOW COLUMNS FROM `bookstore_newbook_rank` [ RunTime:0.0030s ]
SQL: SELECT * FROM `bookstore_newbook_rank` LIMIT 8   [ RunTime:0.0000s ]
SQL: SHOW COLUMNS FROM `bookstore_hotbook_recommend` [ RunTime:0.0040s ]
SQL: SELECT * FROM `bookstore_hotbook_recommend` LIMIT 4   [ RunTime:0.0000s ]
SQL: SHOW COLUMNS FROM `bookstore_hotbook_rank` [ RunTime:0.0040s ]
SQL: SELECT * FROM `bookstore_hotbook_rank` LIMIT 8   [ RunTime:0.0000s ]
INFO: [ view_parse ] --START--
INFO: [ template_filter ] --START--
INFO: Run Behavior\ContentReplaceBehavior [ RunTime:0.000000s ]
INFO: [ template_filter ] --END-- [ RunTime:0.000000s ]
INFO: Run Behavior\ParseTemplateBehavior [ RunTime:0.031002s ]
INFO: [ view_parse ] --END-- [ RunTime:0.031002s ]
INFO: [ view_filter ] --START--
INFO: Run Behavior\WriteHtmlCacheBehavior [ RunTime:0.001000s ]
INFO: [ view_filter ] --END-- [ RunTime:0.001000s ]
INFO: [ app_end ] --START--
INFO: Run Behavior\ShowPageTraceBehavior [ RunTime:0.001000s ]
INFO: [ app_end ] --END-- [ RunTime:0.001000s ]

[ 2016-08-07T17:00:25+08:00 ] 127.0.0.1 /lyj/BookStore/web/index.php/Home/books/01.html
INFO: [ app_init ] --START--
INFO: Run Behavior\BuildLiteBehavior [ RunTime:0.000000s ]
INFO: [ app_init ] --END-- [ RunTime:0.001000s ]
INFO: [ app_begin ] --START--
INFO: Run Behavior\ReadHtmlCacheBehavior [ RunTime:0.001000s ]
INFO: [ app_begin ] --END-- [ RunTime:0.001000s ]
ERR: 无法加载控制器:Books

[ 2016-08-07T17:01:24+08:00 ] 127.0.0.1 /lyj/BookStore/web/index.php/Home/Index/index.html
INFO: [ app_init ] --START--
INFO: Run Behavior\BuildLiteBehavior [ RunTime:0.000000s ]
INFO: [ app_init ] --END-- [ RunTime:0.000000s ]
INFO: [ app_begin ] --START--
INFO: Run Behavior\ReadHtmlCacheBehavior [ RunTime:0.001000s ]
INFO: [ app_begin ] --END-- [ RunTime:0.001000s ]
SQL: SHOW COLUMNS FROM `bookstore_newbook_recommend` [ RunTime:0.0050s ]
SQL: SELECT * FROM `bookstore_newbook_recommend` LIMIT 4   [ RunTime:0.0010s ]
SQL: SHOW COLUMNS FROM `bookstore_newbook_rank` [ RunTime:0.0050s ]
SQL: SELECT * FROM `bookstore_newbook_rank` LIMIT 8   [ RunTime:0.0010s ]
SQL: SHOW COLUMNS FROM `bookstore_hotbook_recommend` [ RunTime:0.0050s ]
SQL: SELECT * FROM `bookstore_hotbook_recommend` LIMIT 4   [ RunTime:0.0010s ]
SQL: SHOW COLUMNS FROM `bookstore_hotbook_rank` [ RunTime:0.0040s ]
SQL: SELECT * FROM `bookstore_hotbook_rank` LIMIT 8   [ RunTime:0.0000s ]
INFO: [ view_parse ] --START--
INFO: [ template_filter ] --START--
INFO: Run Behavior\ContentReplaceBehavior [ RunTime:0.000000s ]
INFO: [ template_filter ] --END-- [ RunTime:0.001000s ]
INFO: Run Behavior\ParseTemplateBehavior [ RunTime:0.033002s ]
INFO: [ view_parse ] --END-- [ RunTime:0.033002s ]
INFO: [ view_filter ] --START--
INFO: Run Behavior\WriteHtmlCacheBehavior [ RunTime:0.000000s ]
INFO: [ view_filter ] --END-- [ RunTime:0.002000s ]
INFO: [ app_end ] --START--
INFO: Run Behavior\ShowPageTraceBehavior [ RunTime:0.001000s ]
INFO: [ app_end ] --END-- [ RunTime:0.001000s ]

[ 2016-08-07T17:01:25+08:00 ] 127.0.0.1 /lyj/BookStore/web/index.php/Home/01.html
INFO: [ app_init ] --START--
INFO: Run Behavior\BuildLiteBehavior [ RunTime:0.000000s ]
INFO: [ app_init ] --END-- [ RunTime:0.001000s ]
INFO: [ app_begin ] --START--
INFO: Run Behavior\ReadHtmlCacheBehavior [ RunTime:0.002000s ]
INFO: [ app_begin ] --END-- [ RunTime:0.002000s ]
ERR: 无法加载控制器:01

